<?xml version="1.0" encoding="UTF-8"?>
<!-- Generated by org.testng.reporters.JUnitXMLReporter -->
<testsuite ignored="0" hostname="Muthu_Raj" failures="2" tests="33" name="ChromeTest" time="206.21" errors="0" timestamp="2025-04-13T18:59:53 IST">
  <testcase classname="tests.TC_006_AddContact" name="testAddContact" time="3.995"/>
  <testcase classname="tests.TC_006_AddContact" name="testAddContact" time="6.849"/>
  <testcase classname="tests.TC_006_AddContact" name="testAddContact" time="4.056"/>
  <testcase classname="tests.TC_006_AddContact" name="testAddContact" time="4.964"/>
  <testcase classname="tests.TC_006_AddContact" name="testAddContact" time="3.879"/>
  <testcase classname="tests.TC_006_AddContact" name="testAddContact" time="3.549"/>
  <testcase classname="tests.TC_006_AddContact" name="testAddContact" time="3.011"/>
  <testcase classname="tests.TC_006_AddContact" name="testAddContact" time="2.726"/>
  <testcase classname="tests.TC_007_CancelButtonFunctionality" name="testAddContactCancelButton" time="2.917"/>
  <testcase classname="tests.TC_008_ContactListSortedTest" name="testAddContactCancelButton" time="1.575"/>
  <testcase classname="tests.TC_009_PhoneNumberExtention" name="testAddContactCancelButton" time="1.585">
    <failure type="java.lang.AssertionError" message="Phone number does not start with country code: 9933546987 expected [true] but found [false]">
      <![CDATA[java.lang.AssertionError: Phone number does not start with country code: 9933546987 expected [true] but found [false]
at tests.TC_009_PhoneNumberExtention.testAddContactCancelButton(TC_009_PhoneNumberExtention.java:38)
at java.base/java.util.ArrayList.forEach(ArrayList.java:1596)
at java.base/java.util.concurrent.FutureTask.run(FutureTask.java:317)
at java.base/java.util.concurrent.ThreadPoolExecutor.runWorker(ThreadPoolExecutor.java:1144)
at java.base/java.util.concurrent.ThreadPoolExecutor$Worker.run(ThreadPoolExecutor.java:642)
at java.base/java.lang.Thread.run(Thread.java:1583)
... Removed 18 stack frames]]>
    </failure>
  </testcase> <!-- testAddContactCancelButton -->
  <testcase classname="tests.TC_010_ContactClicking" name="testAddContactCancelButton" time="2.194"/>
  <testcase classname="tests.TC_011_EditContact" name="testContactEdit" time="9.97"/>
  <testcase classname="tests.TC_012_DeleteContactButton" name="testDeleteContact" time="5.013"/>
  <testcase classname="tests.TC_013_DeleteContactImpacts" name="testDeleteContact" time="5.584">
    <failure type="java.lang.AssertionError" message="Deleted contact is still present expected [false] but found [true]">
      <![CDATA[java.lang.AssertionError: Deleted contact is still present expected [false] but found [true]
at tests.TC_013_DeleteContactImpacts.testDeleteContact(TC_013_DeleteContactImpacts.java:71)
at java.base/java.util.ArrayList.forEach(ArrayList.java:1596)
at java.base/java.util.concurrent.FutureTask.run(FutureTask.java:317)
at java.base/java.util.concurrent.ThreadPoolExecutor.runWorker(ThreadPoolExecutor.java:1144)
at java.base/java.util.concurrent.ThreadPoolExecutor$Worker.run(ThreadPoolExecutor.java:642)
at java.base/java.lang.Thread.run(Thread.java:1583)
... Removed 18 stack frames]]>
    </failure>
  </testcase> <!-- testDeleteContact -->
  <testcase classname="tests.TC_004_LoginFunctionality" name="testLogin" time="0.948"/>
  <testcase classname="tests.TC_004_LoginFunctionality" name="testLogin" time="0.966"/>
  <testcase classname="tests.TC_004_LoginFunctionality" name="testLogin" time="1.008"/>
  <testcase classname="tests.TC_004_LoginFunctionality" name="testLogin" time="0.964"/>
  <testcase classname="tests.TC_004_LoginFunctionality" name="testLogin" time="0.335"/>
  <testcase classname="tests.TC_014_LogoutButtonVisibility" name="testLogoutButtonIsVisible" time="2.311"/>
  <testcase classname="tests.TC_015_LogoutFunctionality" name="testLogoutButtonIsVisible" time="2.862"/>
  <testcase classname="tests.TC_002_SignUpFunctionality" name="testSignUp" time="1.913"/>
  <testcase classname="tests.TC_002_SignUpFunctionality" name="testSignUp" time="1.896"/>
  <testcase classname="tests.TC_002_SignUpFunctionality" name="testSignUp" time="1.823"/>
  <testcase classname="tests.TC_002_SignUpFunctionality" name="testSignUp" time="2.3"/>
  <testcase classname="tests.TC_002_SignUpFunctionality" name="testSignUp" time="1.305"/>
  <testcase classname="tests.TC_001_SignUpButtonVisibility" name="testSignupButtonIsVisible" time="0.03"/>
  <testcase classname="tests.TC_005_AddNewContactButton" name="testAddContactButtonIsVisible" time="1.137"/>
  <testcase classname="tests.TC_003_LoginButtonVisibility" name="testLoginSubmitButtonIsVisible" time="0.044"/>
  <testcase classname="tests.TC_005_AddNewContactButton" name="testAddContactButtonIsClickable" time="0.851"/>
  <testcase classname="tests.TC_003_LoginButtonVisibility" name="testLoginSubmitButtonIsClickable" time="0.025"/>
  <testcase classname="tests.TC_001_SignUpButtonVisibility" name="testSignupButtonIsClickable" time="0.033"/>
</testsuite> <!-- ChromeTest -->
