<?xml version="1.0" encoding="UTF-8"?>
<!-- Generated by org.testng.reporters.JUnitXMLReporter -->
<testsuite ignored="0" hostname="Muthu_Raj" failures="3" tests="33" name="EdgeTest" time="244.957" errors="0" timestamp="2025-04-13T19:00:32 IST">
  <testcase classname="tests.TC_006_AddContact" name="testAddContact" time="3.777"/>
  <testcase classname="tests.TC_006_AddContact" name="testAddContact" time="3.473"/>
  <testcase classname="tests.TC_006_AddContact" name="testAddContact" time="4.475"/>
  <testcase classname="tests.TC_006_AddContact" name="testAddContact" time="3.431"/>
  <testcase classname="tests.TC_006_AddContact" name="testAddContact" time="3.431"/>
  <testcase classname="tests.TC_006_AddContact" name="testAddContact" time="3.255"/>
  <testcase classname="tests.TC_006_AddContact" name="testAddContact" time="16.063"/>
  <testcase classname="tests.TC_006_AddContact" name="testAddContact" time="2.886"/>
  <testcase classname="tests.TC_007_CancelButtonFunctionality" name="testAddContactCancelButton" time="2.861"/>
  <testcase classname="tests.TC_008_ContactListSortedTest" name="testAddContactCancelButton" time="0.025">
    <failure type="java.lang.IllegalArgumentException" message="Keys to send should be a not null CharSequence">
      <![CDATA[java.lang.IllegalArgumentException: Keys to send should be a not null CharSequence
at org.openqa.selenium.remote.RemoteWebElement.sendKeys(RemoteWebElement.java:96)
at org.openqa.selenium.support.pagefactory.internal.LocatingElementHandler.invoke(LocatingElementHandler.java:51)
at jdk.proxy2/jdk.proxy2.$Proxy15.sendKeys(Unknown Source)
at pages.LoginPage.enterEmail(LoginPage.java:70)
at tests.TC_008_ContactListSortedTest.testAddContactCancelButton(TC_008_ContactListSortedTest.java:33)
at java.base/java.util.ArrayList.forEach(ArrayList.java:1596)
at java.base/java.util.concurrent.FutureTask.run(FutureTask.java:317)
at java.base/java.util.concurrent.ThreadPoolExecutor.runWorker(ThreadPoolExecutor.java:1144)
at java.base/java.util.concurrent.ThreadPoolExecutor$Worker.run(ThreadPoolExecutor.java:642)
at java.base/java.lang.Thread.run(Thread.java:1583)
... Removed 17 stack frames]]>
    </failure>
  </testcase> <!-- testAddContactCancelButton -->
  <testcase classname="tests.TC_009_PhoneNumberExtention" name="testAddContactCancelButton" time="0.02">
    <failure type="java.lang.IllegalArgumentException" message="Keys to send should be a not null CharSequence">
      <![CDATA[java.lang.IllegalArgumentException: Keys to send should be a not null CharSequence
at org.openqa.selenium.remote.RemoteWebElement.sendKeys(RemoteWebElement.java:96)
at org.openqa.selenium.support.pagefactory.internal.LocatingElementHandler.invoke(LocatingElementHandler.java:51)
at jdk.proxy2/jdk.proxy2.$Proxy15.sendKeys(Unknown Source)
at pages.LoginPage.enterEmail(LoginPage.java:70)
at tests.TC_009_PhoneNumberExtention.testAddContactCancelButton(TC_009_PhoneNumberExtention.java:30)
at java.base/java.util.ArrayList.forEach(ArrayList.java:1596)
at java.base/java.util.concurrent.FutureTask.run(FutureTask.java:317)
at java.base/java.util.concurrent.ThreadPoolExecutor.runWorker(ThreadPoolExecutor.java:1144)
at java.base/java.util.concurrent.ThreadPoolExecutor$Worker.run(ThreadPoolExecutor.java:642)
at java.base/java.lang.Thread.run(Thread.java:1583)
... Removed 17 stack frames]]>
    </failure>
  </testcase> <!-- testAddContactCancelButton -->
  <testcase classname="tests.TC_010_ContactClicking" name="testAddContactCancelButton" time="2.373"/>
  <testcase classname="tests.TC_011_EditContact" name="testContactEdit" time="7.81"/>
  <testcase classname="tests.TC_012_DeleteContactButton" name="testDeleteContact" time="2.556"/>
  <testcase classname="tests.TC_013_DeleteContactImpacts" name="testDeleteContact" time="4.464">
    <failure type="java.lang.AssertionError" message="Deleted contact is still present expected [false] but found [true]">
      <![CDATA[java.lang.AssertionError: Deleted contact is still present expected [false] but found [true]
at tests.TC_013_DeleteContactImpacts.testDeleteContact(TC_013_DeleteContactImpacts.java:71)
at java.base/java.util.ArrayList.forEach(ArrayList.java:1596)
at java.base/java.util.concurrent.FutureTask.run(FutureTask.java:317)
at java.base/java.util.concurrent.ThreadPoolExecutor.runWorker(ThreadPoolExecutor.java:1144)
at java.base/java.util.concurrent.ThreadPoolExecutor$Worker.run(ThreadPoolExecutor.java:642)
at java.base/java.lang.Thread.run(Thread.java:1583)
... Removed 18 stack frames]]>
    </failure>
  </testcase> <!-- testDeleteContact -->
  <testcase classname="tests.TC_004_LoginFunctionality" name="testLogin" time="0.973"/>
  <testcase classname="tests.TC_004_LoginFunctionality" name="testLogin" time="1.152"/>
  <testcase classname="tests.TC_004_LoginFunctionality" name="testLogin" time="1.038"/>
  <testcase classname="tests.TC_004_LoginFunctionality" name="testLogin" time="0.926"/>
  <testcase classname="tests.TC_004_LoginFunctionality" name="testLogin" time="0.312"/>
  <testcase classname="tests.TC_014_LogoutButtonVisibility" name="testLogoutButtonIsVisible" time="1.3"/>
  <testcase classname="tests.TC_015_LogoutFunctionality" name="testLogoutButtonIsVisible" time="2.884"/>
  <testcase classname="tests.TC_002_SignUpFunctionality" name="testSignUp" time="1.86"/>
  <testcase classname="tests.TC_002_SignUpFunctionality" name="testSignUp" time="1.977"/>
  <testcase classname="tests.TC_002_SignUpFunctionality" name="testSignUp" time="1.826"/>
  <testcase classname="tests.TC_002_SignUpFunctionality" name="testSignUp" time="1.903"/>
  <testcase classname="tests.TC_002_SignUpFunctionality" name="testSignUp" time="1.211"/>
  <testcase classname="tests.TC_001_SignUpButtonVisibility" name="testSignupButtonIsVisible" time="0.051"/>
  <testcase classname="tests.TC_005_AddNewContactButton" name="testAddContactButtonIsVisible" time="0.927"/>
  <testcase classname="tests.TC_003_LoginButtonVisibility" name="testLoginSubmitButtonIsVisible" time="0.037"/>
  <testcase classname="tests.TC_005_AddNewContactButton" name="testAddContactButtonIsClickable" time="0.907"/>
  <testcase classname="tests.TC_003_LoginButtonVisibility" name="testLoginSubmitButtonIsClickable" time="0.049"/>
  <testcase classname="tests.TC_001_SignUpButtonVisibility" name="testSignupButtonIsClickable" time="0.032"/>
</testsuite> <!-- EdgeTest -->
