<!DOCTYPE html PUBLIC "-//W3C//DTD XHTML 1.1//EN" "https://www.w3.org/TR/xhtml11/DTD/xhtml11.dtd">
<html xmlns="https://www.w3.org/1999/xhtml">
<head>
<meta http-equiv="content-type" content="text/html; charset=UTF-8"/>
<title>TestNG Report</title>
<style type="text/css">table {margin-bottom:10px;border-collapse:collapse;empty-cells:show}th,td {border:1px solid #009;padding:.25em .5em}th {vertical-align:bottom}td {vertical-align:top}table a {font-weight:bold}.stripe td {background-color: #E6EBF9}.num {text-align:right}.passedodd td {background-color: #3F3}.passedeven td {background-color: #0A0}.skippedodd td {background-color: #DDD}.skippedeven td {background-color: #CCC}.failedodd td,.attn {background-color: #F33}.failedeven td,.stripe .attn {background-color: #D00}.stacktrace {white-space:pre;font-family:monospace}.totop {font-size:85%;text-align:center;border-bottom:2px solid #000}.invisible {display:none}</style>
</head>
<body>
<table>
<tr><th>Test</th><th># Passed</th><th># Skipped</th><th># Retried</th><th># Failed</th><th>Time (ms)</th><th>Included Groups</th><th>Excluded Groups</th></tr>
<tr><th colspan="8">Suite</th></tr>
<tr><td><a href="#t0">ChromeTest</a></td><td class="num">31</td><td class="num">0</td><td class="num">0</td><td class="num attn">2</td><td class="num">206,210</td><td></td><td></td></tr>
<tr class="stripe"><td><a href="#t1">EdgeTest</a></td><td class="num">30</td><td class="num">0</td><td class="num">0</td><td class="num attn">3</td><td class="num">244,957</td><td></td><td></td></tr>
<tr><td><a href="#t2">FirefoxTest</a></td><td class="num">21</td><td class="num">0</td><td class="num">0</td><td class="num attn">12</td><td class="num">582,400</td><td></td><td></td></tr>
<tr><th>Total</th><th class="num">82</th><th class="num">0</th><th class="num">0</th><th class="num attn">17</th><th class="num">1,033,567</th><th colspan="2"></th></tr>
</table>
<table id='summary'><thead><tr><th>Class</th><th>Method</th><th>Start</th><th>Time (ms)</th></tr></thead><tbody><tr><th colspan="4">Suite</th></tr></tbody><tbody id="t0"><tr><th colspan="4">ChromeTest &#8212; failed</th></tr><tr class="failedeven"><td rowspan="1">tests.TC_009_PhoneNumberExtention</td><td><a href="#m0">testAddContactCancelButton</a></td><td rowspan="1">1744550866370</td><td rowspan="1">1585</td></tr><tr class="failedodd"><td rowspan="1">tests.TC_013_DeleteContactImpacts</td><td><a href="#m1">testDeleteContact</a></td><td rowspan="1">1744550898963</td><td rowspan="1">5584</td></tr><tr><th colspan="4">ChromeTest &#8212; passed</th></tr><tr class="passedeven"><td rowspan="2">tests.TC_001_SignUpButtonVisibility</td><td><a href="#m2">testSignupButtonIsClickable</a></td><td rowspan="1">1744550993365</td><td rowspan="1">33</td></tr><tr class="passedeven"><td><a href="#m3">testSignupButtonIsVisible</a></td><td rowspan="1">1744550969318</td><td rowspan="1">30</td></tr><tr class="passedodd"><td rowspan="5">tests.TC_002_SignUpFunctionality</td><td><a href="#m4">testSignUp</a></td><td rowspan="5">1744550953237</td><td rowspan="5">1823</td></tr><tr class="passedodd"><td><a href="#m5">testSignUp</a></td></tr><tr class="passedodd"><td><a href="#m6">testSignUp</a></td></tr><tr class="passedodd"><td><a href="#m7">testSignUp</a></td></tr><tr class="passedodd"><td><a href="#m8">testSignUp</a></td></tr><tr class="passedeven"><td rowspan="2">tests.TC_003_LoginButtonVisibility</td><td><a href="#m9">testLoginSubmitButtonIsClickable</a></td><td rowspan="1">1744550990489</td><td rowspan="1">25</td></tr><tr class="passedeven"><td><a href="#m10">testLoginSubmitButtonIsVisible</a></td><td rowspan="1">1744550982562</td><td rowspan="1">44</td></tr><tr class="passedodd"><td rowspan="5">tests.TC_004_LoginFunctionality</td><td><a href="#m11">testLogin</a></td><td rowspan="5">1744550922316</td><td rowspan="5">964</td></tr><tr class="passedodd"><td><a href="#m12">testLogin</a></td></tr><tr class="passedodd"><td><a href="#m13">testLogin</a></td></tr><tr class="passedodd"><td><a href="#m14">testLogin</a></td></tr><tr class="passedodd"><td><a href="#m15">testLogin</a></td></tr><tr class="passedeven"><td rowspan="2">tests.TC_005_AddNewContactButton</td><td><a href="#m16">testAddContactButtonIsClickable</a></td><td rowspan="1">1744550986516</td><td rowspan="1">851</td></tr><tr class="passedeven"><td><a href="#m17">testAddContactButtonIsVisible</a></td><td rowspan="1">1744550977812</td><td rowspan="1">1137</td></tr><tr class="passedodd"><td rowspan="8">tests.TC_006_AddContact</td><td><a href="#m18">testAddContact</a></td><td rowspan="8">1744550820415</td><td rowspan="8">4964</td></tr><tr class="passedodd"><td><a href="#m19">testAddContact</a></td></tr><tr class="passedodd"><td><a href="#m20">testAddContact</a></td></tr><tr class="passedodd"><td><a href="#m21">testAddContact</a></td></tr><tr class="passedodd"><td><a href="#m22">testAddContact</a></td></tr><tr class="passedodd"><td><a href="#m23">testAddContact</a></td></tr><tr class="passedodd"><td><a href="#m24">testAddContact</a></td></tr><tr class="passedodd"><td><a href="#m25">testAddContact</a></td></tr><tr class="passedeven"><td rowspan="1">tests.TC_007_CancelButtonFunctionality</td><td><a href="#m26">testAddContactCancelButton</a></td><td rowspan="1">1744550855220</td><td rowspan="1">2917</td></tr><tr class="passedodd"><td rowspan="1">tests.TC_008_ContactListSortedTest</td><td><a href="#m27">testAddContactCancelButton</a></td><td rowspan="1">1744550861556</td><td rowspan="1">1575</td></tr><tr class="passedeven"><td rowspan="1">tests.TC_010_ContactClicking</td><td><a href="#m28">testAddContactCancelButton</a></td><td rowspan="1">1744550871235</td><td rowspan="1">2194</td></tr><tr class="passedodd"><td rowspan="1">tests.TC_011_EditContact</td><td><a href="#m29">testContactEdit</a></td><td rowspan="1">1744550876592</td><td rowspan="1">9970</td></tr><tr class="passedeven"><td rowspan="1">tests.TC_012_DeleteContactButton</td><td><a href="#m30">testDeleteContact</a></td><td rowspan="1">1744550890456</td><td rowspan="1">5013</td></tr><tr class="passedodd"><td rowspan="1">tests.TC_014_LogoutButtonVisibility</td><td><a href="#m31">testLogoutButtonIsVisible</a></td><td rowspan="1">1744550930819</td><td rowspan="1">2311</td></tr><tr class="passedeven"><td rowspan="1">tests.TC_015_LogoutFunctionality</td><td><a href="#m32">testLogoutButtonIsVisible</a></td><td rowspan="1">1744550936335</td><td rowspan="1">2862</td></tr></tbody>
<tbody id="t1"><tr><th colspan="4">EdgeTest &#8212; failed</th></tr><tr class="failedeven"><td rowspan="1">tests.TC_008_ContactListSortedTest</td><td><a href="#m33">testAddContactCancelButton</a></td><td rowspan="1">1744550880551</td><td rowspan="1">25</td></tr><tr class="failedodd"><td rowspan="1">tests.TC_009_PhoneNumberExtention</td><td><a href="#m34">testAddContactCancelButton</a></td><td rowspan="1">1744550884900</td><td rowspan="1">20</td></tr><tr class="failedeven"><td rowspan="1">tests.TC_013_DeleteContactImpacts</td><td><a href="#m35">testDeleteContact</a></td><td rowspan="1">1744550920955</td><td rowspan="1">4464</td></tr><tr><th colspan="4">EdgeTest &#8212; passed</th></tr><tr class="passedeven"><td rowspan="2">tests.TC_001_SignUpButtonVisibility</td><td><a href="#m36">testSignupButtonIsClickable</a></td><td rowspan="1">1744551030891</td><td rowspan="1">32</td></tr><tr class="passedeven"><td><a href="#m37">testSignupButtonIsVisible</a></td><td rowspan="1">1744551005934</td><td rowspan="1">51</td></tr><tr class="passedodd"><td rowspan="5">tests.TC_002_SignUpFunctionality</td><td><a href="#m38">testSignUp</a></td><td rowspan="5">1744550994130</td><td rowspan="5">1903</td></tr><tr class="passedodd"><td><a href="#m39">testSignUp</a></td></tr><tr class="passedodd"><td><a href="#m40">testSignUp</a></td></tr><tr class="passedodd"><td><a href="#m41">testSignUp</a></td></tr><tr class="passedodd"><td><a href="#m42">testSignUp</a></td></tr><tr class="passedeven"><td rowspan="2">tests.TC_003_LoginButtonVisibility</td><td><a href="#m43">testLoginSubmitButtonIsClickable</a></td><td rowspan="1">1744551026467</td><td rowspan="1">49</td></tr><tr class="passedeven"><td><a href="#m44">testLoginSubmitButtonIsVisible</a></td><td rowspan="1">1744551016289</td><td rowspan="1">37</td></tr><tr class="passedodd"><td rowspan="5">tests.TC_004_LoginFunctionality</td><td><a href="#m45">testLogin</a></td><td rowspan="5">1744550946027</td><td rowspan="5">1038</td></tr><tr class="passedodd"><td><a href="#m46">testLogin</a></td></tr><tr class="passedodd"><td><a href="#m47">testLogin</a></td></tr><tr class="passedodd"><td><a href="#m48">testLogin</a></td></tr><tr class="passedodd"><td><a href="#m49">testLogin</a></td></tr><tr class="passedeven"><td rowspan="2">tests.TC_005_AddNewContactButton</td><td><a href="#m50">testAddContactButtonIsClickable</a></td><td rowspan="1">1744551021175</td><td rowspan="1">907</td></tr><tr class="passedeven"><td><a href="#m51">testAddContactButtonIsVisible</a></td><td rowspan="1">1744551010399</td><td rowspan="1">927</td></tr><tr class="passedodd"><td rowspan="8">tests.TC_006_AddContact</td><td><a href="#m52">testAddContact</a></td><td rowspan="8">1744550835396</td><td rowspan="8">3255</td></tr><tr class="passedodd"><td><a href="#m53">testAddContact</a></td></tr><tr class="passedodd"><td><a href="#m54">testAddContact</a></td></tr><tr class="passedodd"><td><a href="#m55">testAddContact</a></td></tr><tr class="passedodd"><td><a href="#m56">testAddContact</a></td></tr><tr class="passedodd"><td><a href="#m57">testAddContact</a></td></tr><tr class="passedodd"><td><a href="#m58">testAddContact</a></td></tr><tr class="passedodd"><td><a href="#m59">testAddContact</a></td></tr><tr class="passedeven"><td rowspan="1">tests.TC_007_CancelButtonFunctionality</td><td><a href="#m60">testAddContactCancelButton</a></td><td rowspan="1">1744550873231</td><td rowspan="1">2861</td></tr><tr class="passedodd"><td rowspan="1">tests.TC_010_ContactClicking</td><td><a href="#m61">testAddContactCancelButton</a></td><td rowspan="1">1744550891199</td><td rowspan="1">2373</td></tr><tr class="passedeven"><td rowspan="1">tests.TC_011_EditContact</td><td><a href="#m62">testContactEdit</a></td><td rowspan="1">1744550898233</td><td rowspan="1">7810</td></tr><tr class="passedodd"><td rowspan="1">tests.TC_012_DeleteContactButton</td><td><a href="#m63">testDeleteContact</a></td><td rowspan="1">1744550913221</td><td rowspan="1">2556</td></tr><tr class="passedeven"><td rowspan="1">tests.TC_014_LogoutButtonVisibility</td><td><a href="#m64">testLogoutButtonIsVisible</a></td><td rowspan="1">1744550961693</td><td rowspan="1">1300</td></tr><tr class="passedodd"><td rowspan="1">tests.TC_015_LogoutFunctionality</td><td><a href="#m65">testLogoutButtonIsVisible</a></td><td rowspan="1">1744550967486</td><td rowspan="1">2884</td></tr></tbody>
<tbody id="t2"><tr><th colspan="4">FirefoxTest &#8212; failed</th></tr><tr class="failedeven"><td rowspan="8">tests.TC_006_AddContact</td><td><a href="#m66">testAddContact</a></td><td rowspan="8">1744550988086</td><td rowspan="8">21632</td></tr><tr class="failedeven"><td><a href="#m67">testAddContact</a></td></tr><tr class="failedeven"><td><a href="#m68">testAddContact</a></td></tr><tr class="failedeven"><td><a href="#m69">testAddContact</a></td></tr><tr class="failedeven"><td><a href="#m70">testAddContact</a></td></tr><tr class="failedeven"><td><a href="#m71">testAddContact</a></td></tr><tr class="failedeven"><td><a href="#m72">testAddContact</a></td></tr><tr class="failedeven"><td><a href="#m73">testAddContact</a></td></tr><tr class="failedodd"><td rowspan="1">tests.TC_007_CancelButtonFunctionality</td><td><a href="#m74">testAddContactCancelButton</a></td><td rowspan="1">1744551048644</td><td rowspan="1">21675</td></tr><tr class="failedeven"><td rowspan="1">tests.TC_011_EditContact</td><td><a href="#m75">testContactEdit</a></td><td rowspan="1">1744551116205</td><td rowspan="1">21720</td></tr><tr class="failedodd"><td rowspan="1">tests.TC_013_DeleteContactImpacts</td><td><a href="#m76">testDeleteContact</a></td><td rowspan="1">1744551159051</td><td rowspan="1">1534</td></tr><tr class="failedeven"><td rowspan="1">tests.TC_015_LogoutFunctionality</td><td><a href="#m77">testLogoutButtonIsVisible</a></td><td rowspan="1">1744551236114</td><td rowspan="1">2607</td></tr><tr><th colspan="4">FirefoxTest &#8212; passed</th></tr><tr class="passedeven"><td rowspan="2">tests.TC_001_SignUpButtonVisibility</td><td><a href="#m78">testSignupButtonIsClickable</a></td><td rowspan="1">1744551366370</td><td rowspan="1">31</td></tr><tr class="passedeven"><td><a href="#m79">testSignupButtonIsVisible</a></td><td rowspan="1">1744551312604</td><td rowspan="1">36</td></tr><tr class="passedodd"><td rowspan="5">tests.TC_002_SignUpFunctionality</td><td><a href="#m80">testSignUp</a></td><td rowspan="5">1744551262033</td><td rowspan="5">1960</td></tr><tr class="passedodd"><td><a href="#m81">testSignUp</a></td></tr><tr class="passedodd"><td><a href="#m82">testSignUp</a></td></tr><tr class="passedodd"><td><a href="#m83">testSignUp</a></td></tr><tr class="passedodd"><td><a href="#m84">testSignUp</a></td></tr><tr class="passedeven"><td rowspan="2">tests.TC_003_LoginButtonVisibility</td><td><a href="#m85">testLoginSubmitButtonIsClickable</a></td><td rowspan="1">1744551356249</td><td rowspan="1">26</td></tr><tr class="passedeven"><td><a href="#m86">testLoginSubmitButtonIsVisible</a></td><td rowspan="1">1744551336187</td><td rowspan="1">31</td></tr><tr class="passedodd"><td rowspan="5">tests.TC_004_LoginFunctionality</td><td><a href="#m87">testLogin</a></td><td rowspan="5">1744551171000</td><td rowspan="5">911</td></tr><tr class="passedodd"><td><a href="#m88">testLogin</a></td></tr><tr class="passedodd"><td><a href="#m89">testLogin</a></td></tr><tr class="passedodd"><td><a href="#m90">testLogin</a></td></tr><tr class="passedodd"><td><a href="#m91">testLogin</a></td></tr><tr class="passedeven"><td rowspan="2">tests.TC_005_AddNewContactButton</td><td><a href="#m92">testAddContactButtonIsClickable</a></td><td rowspan="1">1744551346721</td><td rowspan="1">459</td></tr><tr class="passedeven"><td><a href="#m93">testAddContactButtonIsVisible</a></td><td rowspan="1">1744551325594</td><td rowspan="1">1834</td></tr><tr class="passedodd"><td rowspan="1">tests.TC_008_ContactListSortedTest</td><td><a href="#m94">testAddContactCancelButton</a></td><td rowspan="1">1744551078499</td><td rowspan="1">1569</td></tr><tr class="passedeven"><td rowspan="1">tests.TC_009_PhoneNumberExtention</td><td><a href="#m95">testAddContactCancelButton</a></td><td rowspan="1">1744551090188</td><td rowspan="1">1528</td></tr><tr class="passedodd"><td rowspan="1">tests.TC_010_ContactClicking</td><td><a href="#m96">testAddContactCancelButton</a></td><td rowspan="1">1744551102296</td><td rowspan="1">2523</td></tr><tr class="passedeven"><td rowspan="1">tests.TC_012_DeleteContactButton</td><td><a href="#m97">testDeleteContact</a></td><td rowspan="1">1744551146098</td><td rowspan="1">2483</td></tr><tr class="passedodd"><td rowspan="1">tests.TC_014_LogoutButtonVisibility</td><td><a href="#m98">testLogoutButtonIsVisible</a></td><td rowspan="1">1744551226788</td><td rowspan="1">963</td></tr></tbody>
</table>
<h2>ChromeTest</h2><h3 id="m0">tests.TC_009_PhoneNumberExtention#testAddContactCancelButton</h3><table class="result"><tr><th>Exception</th></tr><tr><td><div class="stacktrace">java.lang.AssertionError: Phone number does not start with country code: 9933546987 expected [true] but found [false]
	at tests.TC_009_PhoneNumberExtention.testAddContactCancelButton(TC_009_PhoneNumberExtention.java:38)
	at java.base/java.util.ArrayList.forEach(ArrayList.java:1596)
	at java.base/java.util.concurrent.FutureTask.run(FutureTask.java:317)
	at java.base/java.util.concurrent.ThreadPoolExecutor.runWorker(ThreadPoolExecutor.java:1144)
	at java.base/java.util.concurrent.ThreadPoolExecutor$Worker.run(ThreadPoolExecutor.java:642)
	at java.base/java.lang.Thread.run(Thread.java:1583)
... Removed 18 stack frames</div></td></tr></table><p class="totop"><a href="#summary">back to summary</a></p>
<h3 id="m1">tests.TC_013_DeleteContactImpacts#testDeleteContact</h3><table class="result"><tr><th>Exception</th></tr><tr><td><div class="stacktrace">java.lang.AssertionError: Deleted contact is still present expected [false] but found [true]
	at tests.TC_013_DeleteContactImpacts.testDeleteContact(TC_013_DeleteContactImpacts.java:71)
	at java.base/java.util.ArrayList.forEach(ArrayList.java:1596)
	at java.base/java.util.concurrent.FutureTask.run(FutureTask.java:317)
	at java.base/java.util.concurrent.ThreadPoolExecutor.runWorker(ThreadPoolExecutor.java:1144)
	at java.base/java.util.concurrent.ThreadPoolExecutor$Worker.run(ThreadPoolExecutor.java:642)
	at java.base/java.lang.Thread.run(Thread.java:1583)
... Removed 18 stack frames</div></td></tr></table><p class="totop"><a href="#summary">back to summary</a></p>
<h3 id="m2">tests.TC_001_SignUpButtonVisibility#testSignupButtonIsClickable</h3><table class="result"><tr><th class="invisible"/></tr></table><p class="totop"><a href="#summary">back to summary</a></p>
<h3 id="m3">tests.TC_001_SignUpButtonVisibility#testSignupButtonIsVisible</h3><table class="result"><tr><th class="invisible"/></tr></table><p class="totop"><a href="#summary">back to summary</a></p>
<h3 id="m4">tests.TC_002_SignUpFunctionality#testSignUp</h3><table class="result"><tr class="param"><th>Parameter #1</th><th>Parameter #2</th><th>Parameter #3</th><th>Parameter #4</th><th>Parameter #5</th></tr><tr class="param stripe"><td>Muthu</td><td>Raj</td><td></td><td>12345678</td><td>error</td></tr></table><p class="totop"><a href="#summary">back to summary</a></p>
<h3 id="m5">tests.TC_002_SignUpFunctionality#testSignUp</h3><table class="result"><tr class="param"><th>Parameter #1</th><th>Parameter #2</th><th>Parameter #3</th><th>Parameter #4</th><th>Parameter #5</th></tr><tr class="param stripe"><td></td><td>Raj</td><td>mraj12350@gmail.com</td><td>12345678</td><td>error</td></tr></table><p class="totop"><a href="#summary">back to summary</a></p>
<h3 id="m6">tests.TC_002_SignUpFunctionality#testSignUp</h3><table class="result"><tr class="param"><th>Parameter #1</th><th>Parameter #2</th><th>Parameter #3</th><th>Parameter #4</th><th>Parameter #5</th></tr><tr class="param stripe"><td>Muthu</td><td>Raj</td><td>mraj12350@gmail.com</td><td>12345678</td><td>success</td></tr></table><p class="totop"><a href="#summary">back to summary</a></p>
<h3 id="m7">tests.TC_002_SignUpFunctionality#testSignUp</h3><table class="result"><tr class="param"><th>Parameter #1</th><th>Parameter #2</th><th>Parameter #3</th><th>Parameter #4</th><th>Parameter #5</th></tr><tr class="param stripe"><td>Muthu</td><td></td><td>mraj12350@gmail.com</td><td>12345678</td><td>error</td></tr></table><p class="totop"><a href="#summary">back to summary</a></p>
<h3 id="m8">tests.TC_002_SignUpFunctionality#testSignUp</h3><table class="result"><tr class="param"><th>Parameter #1</th><th>Parameter #2</th><th>Parameter #3</th><th>Parameter #4</th><th>Parameter #5</th></tr><tr class="param stripe"><td>Muthu</td><td>Raj</td><td>mraj12350@gmail.com</td><td></td><td>error</td></tr></table><p class="totop"><a href="#summary">back to summary</a></p>
<h3 id="m9">tests.TC_003_LoginButtonVisibility#testLoginSubmitButtonIsClickable</h3><table class="result"><tr><th class="invisible"/></tr></table><p class="totop"><a href="#summary">back to summary</a></p>
<h3 id="m10">tests.TC_003_LoginButtonVisibility#testLoginSubmitButtonIsVisible</h3><table class="result"><tr><th class="invisible"/></tr></table><p class="totop"><a href="#summary">back to summary</a></p>
<h3 id="m11">tests.TC_004_LoginFunctionality#testLogin</h3><table class="result"><tr class="param"><th>Parameter #1</th><th>Parameter #2</th><th>Parameter #3</th></tr><tr class="param stripe"><td>rmaj12@gmail.com</td><td>12345678</td><td>error</td></tr></table><p class="totop"><a href="#summary">back to summary</a></p>
<h3 id="m12">tests.TC_004_LoginFunctionality#testLogin</h3><table class="result"><tr class="param"><th>Parameter #1</th><th>Parameter #2</th><th>Parameter #3</th></tr><tr class="param stripe"><td>mraj12350@gmail.com</td><td></td><td>error</td></tr></table><p class="totop"><a href="#summary">back to summary</a></p>
<h3 id="m13">tests.TC_004_LoginFunctionality#testLogin</h3><table class="result"><tr class="param"><th>Parameter #1</th><th>Parameter #2</th><th>Parameter #3</th></tr><tr class="param stripe"><td>mraj12350@gmail.com</td><td>PPPPPPPP</td><td>error</td></tr></table><p class="totop"><a href="#summary">back to summary</a></p>
<h3 id="m14">tests.TC_004_LoginFunctionality#testLogin</h3><table class="result"><tr class="param"><th>Parameter #1</th><th>Parameter #2</th><th>Parameter #3</th></tr><tr class="param stripe"><td></td><td>12345678</td><td>error</td></tr></table><p class="totop"><a href="#summary">back to summary</a></p>
<h3 id="m15">tests.TC_004_LoginFunctionality#testLogin</h3><table class="result"><tr class="param"><th>Parameter #1</th><th>Parameter #2</th><th>Parameter #3</th></tr><tr class="param stripe"><td>mraj12350@gmail.com</td><td>12345678</td><td>success</td></tr></table><p class="totop"><a href="#summary">back to summary</a></p>
<h3 id="m16">tests.TC_005_AddNewContactButton#testAddContactButtonIsClickable</h3><table class="result"><tr><th class="invisible"/></tr></table><p class="totop"><a href="#summary">back to summary</a></p>
<h3 id="m17">tests.TC_005_AddNewContactButton#testAddContactButtonIsVisible</h3><table class="result"><tr><th class="invisible"/></tr></table><p class="totop"><a href="#summary">back to summary</a></p>
<h3 id="m18">tests.TC_006_AddContact#testAddContact</h3><table class="result"><tr class="param"><th>Parameter #1</th><th>Parameter #2</th><th>Parameter #3</th><th>Parameter #4</th><th>Parameter #5</th><th>Parameter #6</th><th>Parameter #7</th><th>Parameter #8</th><th>Parameter #9</th><th>Parameter #10</th><th>Parameter #11</th><th>Parameter #12</th></tr><tr class="param stripe"><td></td><td></td><td>1998-02-26</td><td>rehman.arshad@gmail.com</td><td>9933546987</td><td>Dairy Farm</td><td>Terlabad</td><td>South Andaman</td><td>Andaman</td><td>744106</td><td>India</td><td>error</td></tr></table><p class="totop"><a href="#summary">back to summary</a></p>
<h3 id="m19">tests.TC_006_AddContact#testAddContact</h3><table class="result"><tr class="param"><th>Parameter #1</th><th>Parameter #2</th><th>Parameter #3</th><th>Parameter #4</th><th>Parameter #5</th><th>Parameter #6</th><th>Parameter #7</th><th>Parameter #8</th><th>Parameter #9</th><th>Parameter #10</th><th>Parameter #11</th><th>Parameter #12</th></tr><tr class="param stripe"><td></td><td>Rehman</td><td>1998-02-26</td><td>rehman.arshad@gmail.com</td><td>9933546987</td><td>Dairy Farm</td><td>Terlabad</td><td>South Andaman</td><td>Andaman</td><td>744106</td><td>India</td><td>error</td></tr></table><p class="totop"><a href="#summary">back to summary</a></p>
<h3 id="m20">tests.TC_006_AddContact#testAddContact</h3><table class="result"><tr class="param"><th>Parameter #1</th><th>Parameter #2</th><th>Parameter #3</th><th>Parameter #4</th><th>Parameter #5</th><th>Parameter #6</th><th>Parameter #7</th><th>Parameter #8</th><th>Parameter #9</th><th>Parameter #10</th><th>Parameter #11</th><th>Parameter #12</th></tr><tr class="param stripe"><td>Dinesh</td><td>Kumar</td><td></td><td></td><td></td><td></td><td></td><td></td><td></td><td></td><td></td><td>success</td></tr></table><p class="totop"><a href="#summary">back to summary</a></p>
<h3 id="m21">tests.TC_006_AddContact#testAddContact</h3><table class="result"><tr class="param"><th>Parameter #1</th><th>Parameter #2</th><th>Parameter #3</th><th>Parameter #4</th><th>Parameter #5</th><th>Parameter #6</th><th>Parameter #7</th><th>Parameter #8</th><th>Parameter #9</th><th>Parameter #10</th><th>Parameter #11</th><th>Parameter #12</th></tr><tr class="param stripe"><td>Arshad</td><td>Rehman</td><td>1998-02-26</td><td>tttttt</td><td>9933546987</td><td>Dairy Farm</td><td>Terlabad</td><td>South Andaman</td><td>Andaman</td><td>744106</td><td>India</td><td>error</td></tr></table><p class="totop"><a href="#summary">back to summary</a></p>
<h3 id="m22">tests.TC_006_AddContact#testAddContact</h3><table class="result"><tr class="param"><th>Parameter #1</th><th>Parameter #2</th><th>Parameter #3</th><th>Parameter #4</th><th>Parameter #5</th><th>Parameter #6</th><th>Parameter #7</th><th>Parameter #8</th><th>Parameter #9</th><th>Parameter #10</th><th>Parameter #11</th><th>Parameter #12</th></tr><tr class="param stripe"><td>Arshad</td><td>Rehman</td><td>tttttt</td><td>rehman.arshad@gmail.com</td><td>9933546987</td><td>Dairy Farm</td><td>Terlabad</td><td>South Andaman</td><td>Andaman</td><td>744106</td><td>India</td><td>error</td></tr></table><p class="totop"><a href="#summary">back to summary</a></p>
<h3 id="m23">tests.TC_006_AddContact#testAddContact</h3><table class="result"><tr class="param"><th>Parameter #1</th><th>Parameter #2</th><th>Parameter #3</th><th>Parameter #4</th><th>Parameter #5</th><th>Parameter #6</th><th>Parameter #7</th><th>Parameter #8</th><th>Parameter #9</th><th>Parameter #10</th><th>Parameter #11</th><th>Parameter #12</th></tr><tr class="param stripe"><td>Arshad</td><td>Rehman</td><td>1998-02-26</td><td>rehman.arshad@gmail.com</td><td>tttttt</td><td>Dairy Farm</td><td>Terlabad</td><td>South Andaman</td><td>Andaman</td><td>744106</td><td>India</td><td>error</td></tr></table><p class="totop"><a href="#summary">back to summary</a></p>
<h3 id="m24">tests.TC_006_AddContact#testAddContact</h3><table class="result"><tr class="param"><th>Parameter #1</th><th>Parameter #2</th><th>Parameter #3</th><th>Parameter #4</th><th>Parameter #5</th><th>Parameter #6</th><th>Parameter #7</th><th>Parameter #8</th><th>Parameter #9</th><th>Parameter #10</th><th>Parameter #11</th><th>Parameter #12</th></tr><tr class="param stripe"><td>Arshad</td><td>Rehman</td><td>1998-02-26</td><td>rehman.arshad@gmail.com</td><td>9933546987</td><td>Dairy Farm</td><td>Terlabad</td><td>South Andaman</td><td>Andaman</td><td>744106</td><td>India</td><td>success</td></tr></table><p class="totop"><a href="#summary">back to summary</a></p>
<h3 id="m25">tests.TC_006_AddContact#testAddContact</h3><table class="result"><tr class="param"><th>Parameter #1</th><th>Parameter #2</th><th>Parameter #3</th><th>Parameter #4</th><th>Parameter #5</th><th>Parameter #6</th><th>Parameter #7</th><th>Parameter #8</th><th>Parameter #9</th><th>Parameter #10</th><th>Parameter #11</th><th>Parameter #12</th></tr><tr class="param stripe"><td>Arshad</td><td></td><td>1998-02-26</td><td>rehman.arshad@gmail.com</td><td>9933546987</td><td>Dairy Farm</td><td>Terlabad</td><td>South Andaman</td><td>Andaman</td><td>744106</td><td>India</td><td>error</td></tr></table><p class="totop"><a href="#summary">back to summary</a></p>
<h3 id="m26">tests.TC_007_CancelButtonFunctionality#testAddContactCancelButton</h3><table class="result"><tr><th class="invisible"/></tr></table><p class="totop"><a href="#summary">back to summary</a></p>
<h3 id="m27">tests.TC_008_ContactListSortedTest#testAddContactCancelButton</h3><table class="result"><tr><th class="invisible"/></tr></table><p class="totop"><a href="#summary">back to summary</a></p>
<h3 id="m28">tests.TC_010_ContactClicking#testAddContactCancelButton</h3><table class="result"><tr><th class="invisible"/></tr></table><p class="totop"><a href="#summary">back to summary</a></p>
<h3 id="m29">tests.TC_011_EditContact#testContactEdit</h3><table class="result"><tr><th class="invisible"/></tr></table><p class="totop"><a href="#summary">back to summary</a></p>
<h3 id="m30">tests.TC_012_DeleteContactButton#testDeleteContact</h3><table class="result"><tr><th class="invisible"/></tr></table><p class="totop"><a href="#summary">back to summary</a></p>
<h3 id="m31">tests.TC_014_LogoutButtonVisibility#testLogoutButtonIsVisible</h3><table class="result"><tr><th class="invisible"/></tr></table><p class="totop"><a href="#summary">back to summary</a></p>
<h3 id="m32">tests.TC_015_LogoutFunctionality#testLogoutButtonIsVisible</h3><table class="result"><tr><th class="invisible"/></tr></table><p class="totop"><a href="#summary">back to summary</a></p>
<h2>EdgeTest</h2><h3 id="m33">tests.TC_008_ContactListSortedTest#testAddContactCancelButton</h3><table class="result"><tr><th>Exception</th></tr><tr><td><div class="stacktrace">java.lang.IllegalArgumentException: Keys to send should be a not null CharSequence
	at org.openqa.selenium.remote.RemoteWebElement.sendKeys(RemoteWebElement.java:96)
	at org.openqa.selenium.support.pagefactory.internal.LocatingElementHandler.invoke(LocatingElementHandler.java:51)
	at jdk.proxy2/jdk.proxy2.$Proxy15.sendKeys(Unknown Source)
	at pages.LoginPage.enterEmail(LoginPage.java:70)
	at tests.TC_008_ContactListSortedTest.testAddContactCancelButton(TC_008_ContactListSortedTest.java:33)
	at java.base/java.util.ArrayList.forEach(ArrayList.java:1596)
	at java.base/java.util.concurrent.FutureTask.run(FutureTask.java:317)
	at java.base/java.util.concurrent.ThreadPoolExecutor.runWorker(ThreadPoolExecutor.java:1144)
	at java.base/java.util.concurrent.ThreadPoolExecutor$Worker.run(ThreadPoolExecutor.java:642)
	at java.base/java.lang.Thread.run(Thread.java:1583)
... Removed 17 stack frames</div></td></tr></table><p class="totop"><a href="#summary">back to summary</a></p>
<h3 id="m34">tests.TC_009_PhoneNumberExtention#testAddContactCancelButton</h3><table class="result"><tr><th>Exception</th></tr><tr><td><div class="stacktrace">java.lang.IllegalArgumentException: Keys to send should be a not null CharSequence
	at org.openqa.selenium.remote.RemoteWebElement.sendKeys(RemoteWebElement.java:96)
	at org.openqa.selenium.support.pagefactory.internal.LocatingElementHandler.invoke(LocatingElementHandler.java:51)
	at jdk.proxy2/jdk.proxy2.$Proxy15.sendKeys(Unknown Source)
	at pages.LoginPage.enterEmail(LoginPage.java:70)
	at tests.TC_009_PhoneNumberExtention.testAddContactCancelButton(TC_009_PhoneNumberExtention.java:30)
	at java.base/java.util.ArrayList.forEach(ArrayList.java:1596)
	at java.base/java.util.concurrent.FutureTask.run(FutureTask.java:317)
	at java.base/java.util.concurrent.ThreadPoolExecutor.runWorker(ThreadPoolExecutor.java:1144)
	at java.base/java.util.concurrent.ThreadPoolExecutor$Worker.run(ThreadPoolExecutor.java:642)
	at java.base/java.lang.Thread.run(Thread.java:1583)
... Removed 17 stack frames</div></td></tr></table><p class="totop"><a href="#summary">back to summary</a></p>
<h3 id="m35">tests.TC_013_DeleteContactImpacts#testDeleteContact</h3><table class="result"><tr><th>Exception</th></tr><tr><td><div class="stacktrace">java.lang.AssertionError: Deleted contact is still present expected [false] but found [true]
	at tests.TC_013_DeleteContactImpacts.testDeleteContact(TC_013_DeleteContactImpacts.java:71)
	at java.base/java.util.ArrayList.forEach(ArrayList.java:1596)
	at java.base/java.util.concurrent.FutureTask.run(FutureTask.java:317)
	at java.base/java.util.concurrent.ThreadPoolExecutor.runWorker(ThreadPoolExecutor.java:1144)
	at java.base/java.util.concurrent.ThreadPoolExecutor$Worker.run(ThreadPoolExecutor.java:642)
	at java.base/java.lang.Thread.run(Thread.java:1583)
... Removed 18 stack frames</div></td></tr></table><p class="totop"><a href="#summary">back to summary</a></p>
<h3 id="m36">tests.TC_001_SignUpButtonVisibility#testSignupButtonIsClickable</h3><table class="result"><tr><th class="invisible"/></tr></table><p class="totop"><a href="#summary">back to summary</a></p>
<h3 id="m37">tests.TC_001_SignUpButtonVisibility#testSignupButtonIsVisible</h3><table class="result"><tr><th class="invisible"/></tr></table><p class="totop"><a href="#summary">back to summary</a></p>
<h3 id="m38">tests.TC_002_SignUpFunctionality#testSignUp</h3><table class="result"><tr class="param"><th>Parameter #1</th><th>Parameter #2</th><th>Parameter #3</th><th>Parameter #4</th><th>Parameter #5</th></tr><tr class="param stripe"><td>Muthu</td><td>Raj</td><td>mraj12350@gmail.com</td><td></td><td>error</td></tr></table><p class="totop"><a href="#summary">back to summary</a></p>
<h3 id="m39">tests.TC_002_SignUpFunctionality#testSignUp</h3><table class="result"><tr class="param"><th>Parameter #1</th><th>Parameter #2</th><th>Parameter #3</th><th>Parameter #4</th><th>Parameter #5</th></tr><tr class="param stripe"><td>Muthu</td><td></td><td>mraj12350@gmail.com</td><td>12345678</td><td>error</td></tr></table><p class="totop"><a href="#summary">back to summary</a></p>
<h3 id="m40">tests.TC_002_SignUpFunctionality#testSignUp</h3><table class="result"><tr class="param"><th>Parameter #1</th><th>Parameter #2</th><th>Parameter #3</th><th>Parameter #4</th><th>Parameter #5</th></tr><tr class="param stripe"><td>Muthu</td><td>Raj</td><td></td><td>12345678</td><td>error</td></tr></table><p class="totop"><a href="#summary">back to summary</a></p>
<h3 id="m41">tests.TC_002_SignUpFunctionality#testSignUp</h3><table class="result"><tr class="param"><th>Parameter #1</th><th>Parameter #2</th><th>Parameter #3</th><th>Parameter #4</th><th>Parameter #5</th></tr><tr class="param stripe"><td></td><td>Raj</td><td>mraj12350@gmail.com</td><td>12345678</td><td>error</td></tr></table><p class="totop"><a href="#summary">back to summary</a></p>
<h3 id="m42">tests.TC_002_SignUpFunctionality#testSignUp</h3><table class="result"><tr class="param"><th>Parameter #1</th><th>Parameter #2</th><th>Parameter #3</th><th>Parameter #4</th><th>Parameter #5</th></tr><tr class="param stripe"><td>Muthu</td><td>Raj</td><td>mraj12350@gmail.com</td><td>12345678</td><td>success</td></tr></table><p class="totop"><a href="#summary">back to summary</a></p>
<h3 id="m43">tests.TC_003_LoginButtonVisibility#testLoginSubmitButtonIsClickable</h3><table class="result"><tr><th class="invisible"/></tr></table><p class="totop"><a href="#summary">back to summary</a></p>
<h3 id="m44">tests.TC_003_LoginButtonVisibility#testLoginSubmitButtonIsVisible</h3><table class="result"><tr><th class="invisible"/></tr></table><p class="totop"><a href="#summary">back to summary</a></p>
<h3 id="m45">tests.TC_004_LoginFunctionality#testLogin</h3><table class="result"><tr class="param"><th>Parameter #1</th><th>Parameter #2</th><th>Parameter #3</th></tr><tr class="param stripe"><td>mraj12350@gmail.com</td><td>PPPPPPPP</td><td>error</td></tr></table><p class="totop"><a href="#summary">back to summary</a></p>
<h3 id="m46">tests.TC_004_LoginFunctionality#testLogin</h3><table class="result"><tr class="param"><th>Parameter #1</th><th>Parameter #2</th><th>Parameter #3</th></tr><tr class="param stripe"><td></td><td>12345678</td><td>error</td></tr></table><p class="totop"><a href="#summary">back to summary</a></p>
<h3 id="m47">tests.TC_004_LoginFunctionality#testLogin</h3><table class="result"><tr class="param"><th>Parameter #1</th><th>Parameter #2</th><th>Parameter #3</th></tr><tr class="param stripe"><td>mraj12350@gmail.com</td><td></td><td>error</td></tr></table><p class="totop"><a href="#summary">back to summary</a></p>
<h3 id="m48">tests.TC_004_LoginFunctionality#testLogin</h3><table class="result"><tr class="param"><th>Parameter #1</th><th>Parameter #2</th><th>Parameter #3</th></tr><tr class="param stripe"><td>mraj12350@gmail.com</td><td>12345678</td><td>success</td></tr></table><p class="totop"><a href="#summary">back to summary</a></p>
<h3 id="m49">tests.TC_004_LoginFunctionality#testLogin</h3><table class="result"><tr class="param"><th>Parameter #1</th><th>Parameter #2</th><th>Parameter #3</th></tr><tr class="param stripe"><td>rmaj12@gmail.com</td><td>12345678</td><td>error</td></tr></table><p class="totop"><a href="#summary">back to summary</a></p>
<h3 id="m50">tests.TC_005_AddNewContactButton#testAddContactButtonIsClickable</h3><table class="result"><tr><th class="invisible"/></tr></table><p class="totop"><a href="#summary">back to summary</a></p>
<h3 id="m51">tests.TC_005_AddNewContactButton#testAddContactButtonIsVisible</h3><table class="result"><tr><th class="invisible"/></tr></table><p class="totop"><a href="#summary">back to summary</a></p>
<h3 id="m52">tests.TC_006_AddContact#testAddContact</h3><table class="result"><tr class="param"><th>Parameter #1</th><th>Parameter #2</th><th>Parameter #3</th><th>Parameter #4</th><th>Parameter #5</th><th>Parameter #6</th><th>Parameter #7</th><th>Parameter #8</th><th>Parameter #9</th><th>Parameter #10</th><th>Parameter #11</th><th>Parameter #12</th></tr><tr class="param stripe"><td>Arshad</td><td>Rehman</td><td>1998-02-26</td><td>tttttt</td><td>9933546987</td><td>Dairy Farm</td><td>Terlabad</td><td>South Andaman</td><td>Andaman</td><td>744106</td><td>India</td><td>error</td></tr></table><p class="totop"><a href="#summary">back to summary</a></p>
<h3 id="m53">tests.TC_006_AddContact#testAddContact</h3><table class="result"><tr class="param"><th>Parameter #1</th><th>Parameter #2</th><th>Parameter #3</th><th>Parameter #4</th><th>Parameter #5</th><th>Parameter #6</th><th>Parameter #7</th><th>Parameter #8</th><th>Parameter #9</th><th>Parameter #10</th><th>Parameter #11</th><th>Parameter #12</th></tr><tr class="param stripe"><td></td><td></td><td>1998-02-26</td><td>rehman.arshad@gmail.com</td><td>9933546987</td><td>Dairy Farm</td><td>Terlabad</td><td>South Andaman</td><td>Andaman</td><td>744106</td><td>India</td><td>error</td></tr></table><p class="totop"><a href="#summary">back to summary</a></p>
<h3 id="m54">tests.TC_006_AddContact#testAddContact</h3><table class="result"><tr class="param"><th>Parameter #1</th><th>Parameter #2</th><th>Parameter #3</th><th>Parameter #4</th><th>Parameter #5</th><th>Parameter #6</th><th>Parameter #7</th><th>Parameter #8</th><th>Parameter #9</th><th>Parameter #10</th><th>Parameter #11</th><th>Parameter #12</th></tr><tr class="param stripe"><td>Arshad</td><td>Rehman</td><td>1998-02-26</td><td>rehman.arshad@gmail.com</td><td>9933546987</td><td>Dairy Farm</td><td>Terlabad</td><td>South Andaman</td><td>Andaman</td><td>744106</td><td>India</td><td>success</td></tr></table><p class="totop"><a href="#summary">back to summary</a></p>
<h3 id="m55">tests.TC_006_AddContact#testAddContact</h3><table class="result"><tr class="param"><th>Parameter #1</th><th>Parameter #2</th><th>Parameter #3</th><th>Parameter #4</th><th>Parameter #5</th><th>Parameter #6</th><th>Parameter #7</th><th>Parameter #8</th><th>Parameter #9</th><th>Parameter #10</th><th>Parameter #11</th><th>Parameter #12</th></tr><tr class="param stripe"><td>Dinesh</td><td>Kumar</td><td></td><td></td><td></td><td></td><td></td><td></td><td></td><td></td><td></td><td>success</td></tr></table><p class="totop"><a href="#summary">back to summary</a></p>
<h3 id="m56">tests.TC_006_AddContact#testAddContact</h3><table class="result"><tr class="param"><th>Parameter #1</th><th>Parameter #2</th><th>Parameter #3</th><th>Parameter #4</th><th>Parameter #5</th><th>Parameter #6</th><th>Parameter #7</th><th>Parameter #8</th><th>Parameter #9</th><th>Parameter #10</th><th>Parameter #11</th><th>Parameter #12</th></tr><tr class="param stripe"><td>Arshad</td><td>Rehman</td><td>1998-02-26</td><td>rehman.arshad@gmail.com</td><td>tttttt</td><td>Dairy Farm</td><td>Terlabad</td><td>South Andaman</td><td>Andaman</td><td>744106</td><td>India</td><td>error</td></tr></table><p class="totop"><a href="#summary">back to summary</a></p>
<h3 id="m57">tests.TC_006_AddContact#testAddContact</h3><table class="result"><tr class="param"><th>Parameter #1</th><th>Parameter #2</th><th>Parameter #3</th><th>Parameter #4</th><th>Parameter #5</th><th>Parameter #6</th><th>Parameter #7</th><th>Parameter #8</th><th>Parameter #9</th><th>Parameter #10</th><th>Parameter #11</th><th>Parameter #12</th></tr><tr class="param stripe"><td></td><td>Rehman</td><td>1998-02-26</td><td>rehman.arshad@gmail.com</td><td>9933546987</td><td>Dairy Farm</td><td>Terlabad</td><td>South Andaman</td><td>Andaman</td><td>744106</td><td>India</td><td>error</td></tr></table><p class="totop"><a href="#summary">back to summary</a></p>
<h3 id="m58">tests.TC_006_AddContact#testAddContact</h3><table class="result"><tr class="param"><th>Parameter #1</th><th>Parameter #2</th><th>Parameter #3</th><th>Parameter #4</th><th>Parameter #5</th><th>Parameter #6</th><th>Parameter #7</th><th>Parameter #8</th><th>Parameter #9</th><th>Parameter #10</th><th>Parameter #11</th><th>Parameter #12</th></tr><tr class="param stripe"><td>Arshad</td><td></td><td>1998-02-26</td><td>rehman.arshad@gmail.com</td><td>9933546987</td><td>Dairy Farm</td><td>Terlabad</td><td>South Andaman</td><td>Andaman</td><td>744106</td><td>India</td><td>error</td></tr></table><p class="totop"><a href="#summary">back to summary</a></p>
<h3 id="m59">tests.TC_006_AddContact#testAddContact</h3><table class="result"><tr class="param"><th>Parameter #1</th><th>Parameter #2</th><th>Parameter #3</th><th>Parameter #4</th><th>Parameter #5</th><th>Parameter #6</th><th>Parameter #7</th><th>Parameter #8</th><th>Parameter #9</th><th>Parameter #10</th><th>Parameter #11</th><th>Parameter #12</th></tr><tr class="param stripe"><td>Arshad</td><td>Rehman</td><td>tttttt</td><td>rehman.arshad@gmail.com</td><td>9933546987</td><td>Dairy Farm</td><td>Terlabad</td><td>South Andaman</td><td>Andaman</td><td>744106</td><td>India</td><td>error</td></tr></table><p class="totop"><a href="#summary">back to summary</a></p>
<h3 id="m60">tests.TC_007_CancelButtonFunctionality#testAddContactCancelButton</h3><table class="result"><tr><th class="invisible"/></tr></table><p class="totop"><a href="#summary">back to summary</a></p>
<h3 id="m61">tests.TC_010_ContactClicking#testAddContactCancelButton</h3><table class="result"><tr><th class="invisible"/></tr></table><p class="totop"><a href="#summary">back to summary</a></p>
<h3 id="m62">tests.TC_011_EditContact#testContactEdit</h3><table class="result"><tr><th class="invisible"/></tr></table><p class="totop"><a href="#summary">back to summary</a></p>
<h3 id="m63">tests.TC_012_DeleteContactButton#testDeleteContact</h3><table class="result"><tr><th class="invisible"/></tr></table><p class="totop"><a href="#summary">back to summary</a></p>
<h3 id="m64">tests.TC_014_LogoutButtonVisibility#testLogoutButtonIsVisible</h3><table class="result"><tr><th class="invisible"/></tr></table><p class="totop"><a href="#summary">back to summary</a></p>
<h3 id="m65">tests.TC_015_LogoutFunctionality#testLogoutButtonIsVisible</h3><table class="result"><tr><th class="invisible"/></tr></table><p class="totop"><a href="#summary">back to summary</a></p>
<h2>FirefoxTest</h2><h3 id="m66">tests.TC_006_AddContact#testAddContact</h3><table class="result"><tr class="param"><th>Parameter #1</th><th>Parameter #2</th><th>Parameter #3</th><th>Parameter #4</th><th>Parameter #5</th><th>Parameter #6</th><th>Parameter #7</th><th>Parameter #8</th><th>Parameter #9</th><th>Parameter #10</th><th>Parameter #11</th><th>Parameter #12</th></tr><tr class="param stripe"><td>Arshad</td><td>Rehman</td><td>1998-02-26</td><td>rehman.arshad@gmail.com</td><td>9933546987</td><td>Dairy Farm</td><td>Terlabad</td><td>South Andaman</td><td>Andaman</td><td>744106</td><td>India</td><td>success</td></tr><tr><th colspan="12">Exception</th></tr><tr><td colspan="12"><div class="stacktrace">org.openqa.selenium.NoSuchElementException: Unable to locate element: #firstName
For documentation on this error, please visit: https://www.selenium.dev/documentation/webdriver/troubleshooting/errors#no-such-element-exception
Build info: version: &apos;4.28.0&apos;, revision: &apos;ac342546e9&apos;
System info: os.name: &apos;Windows 11&apos;, os.arch: &apos;amd64&apos;, os.version: &apos;10.0&apos;, java.version: &apos;21.0.5&apos;
Driver info: org.openqa.selenium.firefox.FirefoxDriver
Command: [07d0bce3-44a6-4844-8660-e9621eada932, findElement {value=firstName, using=id}]
Capabilities {acceptInsecureCerts: true, browserName: firefox, browserVersion: 137.0.1, moz:accessibilityChecks: false, moz:buildID: 20250407111027, moz:debuggerAddress: 127.0.0.1:18378, moz:geckodriverVersion: 0.36.0, moz:headless: false, moz:platformVersion: 10.0, moz:processID: 30316, moz:profile: C:\Users\mraj2\AppData\Loca..., moz:shutdownTimeout: 60000, moz:webdriverClick: true, moz:windowless: false, pageLoadStrategy: normal, platformName: windows, proxy: Proxy(), se:cdp: ws://127.0.0.1:18378/devtoo..., se:cdpVersion: 85.0, setWindowRect: true, strictFileInteractability: false, timeouts: {implicit: 0, pageLoad: 300000, script: 30000}, unhandledPromptBehavior: dismiss and notify, userAgent: Mozilla/5.0 (Windows NT 10....}
Session ID: 07d0bce3-44a6-4844-8660-e9621eada932
	at org.openqa.selenium.remote.ErrorCodec.decode(ErrorCodec.java:167)
	at org.openqa.selenium.remote.codec.w3c.W3CHttpResponseCodec.decode(W3CHttpResponseCodec.java:138)
	at org.openqa.selenium.remote.codec.w3c.W3CHttpResponseCodec.decode(W3CHttpResponseCodec.java:50)
	at org.openqa.selenium.remote.HttpCommandExecutor.execute(HttpCommandExecutor.java:215)
	at org.openqa.selenium.remote.service.DriverCommandExecutor.invokeExecute(DriverCommandExecutor.java:216)
	at org.openqa.selenium.remote.service.DriverCommandExecutor.execute(DriverCommandExecutor.java:174)
	at org.openqa.selenium.remote.RemoteWebDriver.execute(RemoteWebDriver.java:545)
	at org.openqa.selenium.remote.ElementLocation$ElementFinder$2.findElement(ElementLocation.java:165)
	at org.openqa.selenium.remote.ElementLocation.findElement(ElementLocation.java:59)
	at org.openqa.selenium.remote.RemoteWebDriver.findElement(RemoteWebDriver.java:368)
	at org.openqa.selenium.remote.RemoteWebDriver.findElement(RemoteWebDriver.java:362)
	at org.openqa.selenium.support.pagefactory.DefaultElementLocator.findElement(DefaultElementLocator.java:68)
	at org.openqa.selenium.support.pagefactory.internal.LocatingElementHandler.invoke(LocatingElementHandler.java:38)
	at jdk.proxy2/jdk.proxy2.$Proxy15.sendKeys(Unknown Source)
	at pages.AddContactPage.enterFirstName(AddContactPage.java:70)
	at pages.AddContactPage.addContact(AddContactPage.java:135)
	at tests.TC_006_AddContact.testAddContact(TC_006_AddContact.java:180)
	at java.base/java.util.ArrayList.forEach(ArrayList.java:1596)
	at java.base/java.util.concurrent.FutureTask.run(FutureTask.java:317)
	at java.base/java.util.concurrent.ThreadPoolExecutor.runWorker(ThreadPoolExecutor.java:1144)
	at java.base/java.util.concurrent.ThreadPoolExecutor$Worker.run(ThreadPoolExecutor.java:642)
	at java.base/java.lang.Thread.run(Thread.java:1583)
... Removed 18 stack frames</div></td></tr></table><p class="totop"><a href="#summary">back to summary</a></p>
<h3 id="m67">tests.TC_006_AddContact#testAddContact</h3><table class="result"><tr class="param"><th>Parameter #1</th><th>Parameter #2</th><th>Parameter #3</th><th>Parameter #4</th><th>Parameter #5</th><th>Parameter #6</th><th>Parameter #7</th><th>Parameter #8</th><th>Parameter #9</th><th>Parameter #10</th><th>Parameter #11</th><th>Parameter #12</th></tr><tr class="param stripe"><td>Arshad</td><td>Rehman</td><td>tttttt</td><td>rehman.arshad@gmail.com</td><td>9933546987</td><td>Dairy Farm</td><td>Terlabad</td><td>South Andaman</td><td>Andaman</td><td>744106</td><td>India</td><td>error</td></tr><tr><th colspan="12">Exception</th></tr><tr><td colspan="12"><div class="stacktrace">org.openqa.selenium.NoSuchElementException: Unable to locate element: #firstName
For documentation on this error, please visit: https://www.selenium.dev/documentation/webdriver/troubleshooting/errors#no-such-element-exception
Build info: version: &apos;4.28.0&apos;, revision: &apos;ac342546e9&apos;
System info: os.name: &apos;Windows 11&apos;, os.arch: &apos;amd64&apos;, os.version: &apos;10.0&apos;, java.version: &apos;21.0.5&apos;
Driver info: org.openqa.selenium.firefox.FirefoxDriver
Command: [b7304299-82c9-4e84-8f64-980be00b1691, findElement {value=firstName, using=id}]
Capabilities {acceptInsecureCerts: true, browserName: firefox, browserVersion: 137.0.1, moz:accessibilityChecks: false, moz:buildID: 20250407111027, moz:debuggerAddress: 127.0.0.1:24501, moz:geckodriverVersion: 0.36.0, moz:headless: false, moz:platformVersion: 10.0, moz:processID: 3288, moz:profile: C:\Users\mraj2\AppData\Loca..., moz:shutdownTimeout: 60000, moz:webdriverClick: true, moz:windowless: false, pageLoadStrategy: normal, platformName: windows, proxy: Proxy(), se:cdp: ws://127.0.0.1:24501/devtoo..., se:cdpVersion: 85.0, setWindowRect: true, strictFileInteractability: false, timeouts: {implicit: 0, pageLoad: 300000, script: 30000}, unhandledPromptBehavior: dismiss and notify, userAgent: Mozilla/5.0 (Windows NT 10....}
Session ID: b7304299-82c9-4e84-8f64-980be00b1691
	at org.openqa.selenium.remote.ErrorCodec.decode(ErrorCodec.java:167)
	at org.openqa.selenium.remote.codec.w3c.W3CHttpResponseCodec.decode(W3CHttpResponseCodec.java:138)
	at org.openqa.selenium.remote.codec.w3c.W3CHttpResponseCodec.decode(W3CHttpResponseCodec.java:50)
	at org.openqa.selenium.remote.HttpCommandExecutor.execute(HttpCommandExecutor.java:215)
	at org.openqa.selenium.remote.service.DriverCommandExecutor.invokeExecute(DriverCommandExecutor.java:216)
	at org.openqa.selenium.remote.service.DriverCommandExecutor.execute(DriverCommandExecutor.java:174)
	at org.openqa.selenium.remote.RemoteWebDriver.execute(RemoteWebDriver.java:545)
	at org.openqa.selenium.remote.ElementLocation$ElementFinder$2.findElement(ElementLocation.java:165)
	at org.openqa.selenium.remote.ElementLocation.findElement(ElementLocation.java:59)
	at org.openqa.selenium.remote.RemoteWebDriver.findElement(RemoteWebDriver.java:368)
	at org.openqa.selenium.remote.RemoteWebDriver.findElement(RemoteWebDriver.java:362)
	at org.openqa.selenium.support.pagefactory.DefaultElementLocator.findElement(DefaultElementLocator.java:68)
	at org.openqa.selenium.support.pagefactory.internal.LocatingElementHandler.invoke(LocatingElementHandler.java:38)
	at jdk.proxy2/jdk.proxy2.$Proxy15.sendKeys(Unknown Source)
	at pages.AddContactPage.enterFirstName(AddContactPage.java:70)
	at pages.AddContactPage.addContact(AddContactPage.java:135)
	at tests.TC_006_AddContact.testAddContact(TC_006_AddContact.java:180)
	at java.base/java.util.ArrayList.forEach(ArrayList.java:1596)
	at java.base/java.util.concurrent.FutureTask.run(FutureTask.java:317)
	at java.base/java.util.concurrent.ThreadPoolExecutor.runWorker(ThreadPoolExecutor.java:1144)
	at java.base/java.util.concurrent.ThreadPoolExecutor$Worker.run(ThreadPoolExecutor.java:642)
	at java.base/java.lang.Thread.run(Thread.java:1583)
... Removed 18 stack frames</div></td></tr></table><p class="totop"><a href="#summary">back to summary</a></p>
<h3 id="m68">tests.TC_006_AddContact#testAddContact</h3><table class="result"><tr class="param"><th>Parameter #1</th><th>Parameter #2</th><th>Parameter #3</th><th>Parameter #4</th><th>Parameter #5</th><th>Parameter #6</th><th>Parameter #7</th><th>Parameter #8</th><th>Parameter #9</th><th>Parameter #10</th><th>Parameter #11</th><th>Parameter #12</th></tr><tr class="param stripe"><td></td><td>Rehman</td><td>1998-02-26</td><td>rehman.arshad@gmail.com</td><td>9933546987</td><td>Dairy Farm</td><td>Terlabad</td><td>South Andaman</td><td>Andaman</td><td>744106</td><td>India</td><td>error</td></tr><tr><th colspan="12">Exception</th></tr><tr><td colspan="12"><div class="stacktrace">org.openqa.selenium.NoSuchElementException: Unable to locate element: #firstName
For documentation on this error, please visit: https://www.selenium.dev/documentation/webdriver/troubleshooting/errors#no-such-element-exception
Build info: version: &apos;4.28.0&apos;, revision: &apos;ac342546e9&apos;
System info: os.name: &apos;Windows 11&apos;, os.arch: &apos;amd64&apos;, os.version: &apos;10.0&apos;, java.version: &apos;21.0.5&apos;
Driver info: org.openqa.selenium.firefox.FirefoxDriver
Command: [c49cbedf-6882-43da-b5f5-d9a81604042d, findElement {value=firstName, using=id}]
Capabilities {acceptInsecureCerts: true, browserName: firefox, browserVersion: 137.0.1, moz:accessibilityChecks: false, moz:buildID: 20250407111027, moz:debuggerAddress: 127.0.0.1:13929, moz:geckodriverVersion: 0.36.0, moz:headless: false, moz:platformVersion: 10.0, moz:processID: 18612, moz:profile: C:\Users\mraj2\AppData\Loca..., moz:shutdownTimeout: 60000, moz:webdriverClick: true, moz:windowless: false, pageLoadStrategy: normal, platformName: windows, proxy: Proxy(), se:cdp: ws://127.0.0.1:13929/devtoo..., se:cdpVersion: 85.0, setWindowRect: true, strictFileInteractability: false, timeouts: {implicit: 0, pageLoad: 300000, script: 30000}, unhandledPromptBehavior: dismiss and notify, userAgent: Mozilla/5.0 (Windows NT 10....}
Session ID: c49cbedf-6882-43da-b5f5-d9a81604042d
	at org.openqa.selenium.remote.ErrorCodec.decode(ErrorCodec.java:167)
	at org.openqa.selenium.remote.codec.w3c.W3CHttpResponseCodec.decode(W3CHttpResponseCodec.java:138)
	at org.openqa.selenium.remote.codec.w3c.W3CHttpResponseCodec.decode(W3CHttpResponseCodec.java:50)
	at org.openqa.selenium.remote.HttpCommandExecutor.execute(HttpCommandExecutor.java:215)
	at org.openqa.selenium.remote.service.DriverCommandExecutor.invokeExecute(DriverCommandExecutor.java:216)
	at org.openqa.selenium.remote.service.DriverCommandExecutor.execute(DriverCommandExecutor.java:174)
	at org.openqa.selenium.remote.RemoteWebDriver.execute(RemoteWebDriver.java:545)
	at org.openqa.selenium.remote.ElementLocation$ElementFinder$2.findElement(ElementLocation.java:165)
	at org.openqa.selenium.remote.ElementLocation.findElement(ElementLocation.java:59)
	at org.openqa.selenium.remote.RemoteWebDriver.findElement(RemoteWebDriver.java:368)
	at org.openqa.selenium.remote.RemoteWebDriver.findElement(RemoteWebDriver.java:362)
	at org.openqa.selenium.support.pagefactory.DefaultElementLocator.findElement(DefaultElementLocator.java:68)
	at org.openqa.selenium.support.pagefactory.internal.LocatingElementHandler.invoke(LocatingElementHandler.java:38)
	at jdk.proxy2/jdk.proxy2.$Proxy15.sendKeys(Unknown Source)
	at pages.AddContactPage.enterFirstName(AddContactPage.java:70)
	at pages.AddContactPage.addContact(AddContactPage.java:135)
	at tests.TC_006_AddContact.testAddContact(TC_006_AddContact.java:180)
	at java.base/java.util.ArrayList.forEach(ArrayList.java:1596)
	at java.base/java.util.concurrent.FutureTask.run(FutureTask.java:317)
	at java.base/java.util.concurrent.ThreadPoolExecutor.runWorker(ThreadPoolExecutor.java:1144)
	at java.base/java.util.concurrent.ThreadPoolExecutor$Worker.run(ThreadPoolExecutor.java:642)
	at java.base/java.lang.Thread.run(Thread.java:1583)
... Removed 18 stack frames</div></td></tr></table><p class="totop"><a href="#summary">back to summary</a></p>
<h3 id="m69">tests.TC_006_AddContact#testAddContact</h3><table class="result"><tr class="param"><th>Parameter #1</th><th>Parameter #2</th><th>Parameter #3</th><th>Parameter #4</th><th>Parameter #5</th><th>Parameter #6</th><th>Parameter #7</th><th>Parameter #8</th><th>Parameter #9</th><th>Parameter #10</th><th>Parameter #11</th><th>Parameter #12</th></tr><tr class="param stripe"><td>Arshad</td><td>Rehman</td><td>1998-02-26</td><td>rehman.arshad@gmail.com</td><td>tttttt</td><td>Dairy Farm</td><td>Terlabad</td><td>South Andaman</td><td>Andaman</td><td>744106</td><td>India</td><td>error</td></tr><tr><th colspan="12">Exception</th></tr><tr><td colspan="12"><div class="stacktrace">org.openqa.selenium.NoSuchElementException: Unable to locate element: #firstName
For documentation on this error, please visit: https://www.selenium.dev/documentation/webdriver/troubleshooting/errors#no-such-element-exception
Build info: version: &apos;4.28.0&apos;, revision: &apos;ac342546e9&apos;
System info: os.name: &apos;Windows 11&apos;, os.arch: &apos;amd64&apos;, os.version: &apos;10.0&apos;, java.version: &apos;21.0.5&apos;
Driver info: org.openqa.selenium.firefox.FirefoxDriver
Command: [08971ef4-7922-43b9-8730-5303c3dc9596, findElement {value=firstName, using=id}]
Capabilities {acceptInsecureCerts: true, browserName: firefox, browserVersion: 137.0.1, moz:accessibilityChecks: false, moz:buildID: 20250407111027, moz:debuggerAddress: 127.0.0.1:26757, moz:geckodriverVersion: 0.36.0, moz:headless: false, moz:platformVersion: 10.0, moz:processID: 6948, moz:profile: C:\Users\mraj2\AppData\Loca..., moz:shutdownTimeout: 60000, moz:webdriverClick: true, moz:windowless: false, pageLoadStrategy: normal, platformName: windows, proxy: Proxy(), se:cdp: ws://127.0.0.1:26757/devtoo..., se:cdpVersion: 85.0, setWindowRect: true, strictFileInteractability: false, timeouts: {implicit: 0, pageLoad: 300000, script: 30000}, unhandledPromptBehavior: dismiss and notify, userAgent: Mozilla/5.0 (Windows NT 10....}
Session ID: 08971ef4-7922-43b9-8730-5303c3dc9596
	at org.openqa.selenium.remote.ErrorCodec.decode(ErrorCodec.java:167)
	at org.openqa.selenium.remote.codec.w3c.W3CHttpResponseCodec.decode(W3CHttpResponseCodec.java:138)
	at org.openqa.selenium.remote.codec.w3c.W3CHttpResponseCodec.decode(W3CHttpResponseCodec.java:50)
	at org.openqa.selenium.remote.HttpCommandExecutor.execute(HttpCommandExecutor.java:215)
	at org.openqa.selenium.remote.service.DriverCommandExecutor.invokeExecute(DriverCommandExecutor.java:216)
	at org.openqa.selenium.remote.service.DriverCommandExecutor.execute(DriverCommandExecutor.java:174)
	at org.openqa.selenium.remote.RemoteWebDriver.execute(RemoteWebDriver.java:545)
	at org.openqa.selenium.remote.ElementLocation$ElementFinder$2.findElement(ElementLocation.java:165)
	at org.openqa.selenium.remote.ElementLocation.findElement(ElementLocation.java:59)
	at org.openqa.selenium.remote.RemoteWebDriver.findElement(RemoteWebDriver.java:368)
	at org.openqa.selenium.remote.RemoteWebDriver.findElement(RemoteWebDriver.java:362)
	at org.openqa.selenium.support.pagefactory.DefaultElementLocator.findElement(DefaultElementLocator.java:68)
	at org.openqa.selenium.support.pagefactory.internal.LocatingElementHandler.invoke(LocatingElementHandler.java:38)
	at jdk.proxy2/jdk.proxy2.$Proxy15.sendKeys(Unknown Source)
	at pages.AddContactPage.enterFirstName(AddContactPage.java:70)
	at pages.AddContactPage.addContact(AddContactPage.java:135)
	at tests.TC_006_AddContact.testAddContact(TC_006_AddContact.java:180)
	at java.base/java.util.ArrayList.forEach(ArrayList.java:1596)
	at java.base/java.util.concurrent.FutureTask.run(FutureTask.java:317)
	at java.base/java.util.concurrent.ThreadPoolExecutor.runWorker(ThreadPoolExecutor.java:1144)
	at java.base/java.util.concurrent.ThreadPoolExecutor$Worker.run(ThreadPoolExecutor.java:642)
	at java.base/java.lang.Thread.run(Thread.java:1583)
... Removed 18 stack frames</div></td></tr></table><p class="totop"><a href="#summary">back to summary</a></p>
<h3 id="m70">tests.TC_006_AddContact#testAddContact</h3><table class="result"><tr class="param"><th>Parameter #1</th><th>Parameter #2</th><th>Parameter #3</th><th>Parameter #4</th><th>Parameter #5</th><th>Parameter #6</th><th>Parameter #7</th><th>Parameter #8</th><th>Parameter #9</th><th>Parameter #10</th><th>Parameter #11</th><th>Parameter #12</th></tr><tr class="param stripe"><td>Arshad</td><td>Rehman</td><td>1998-02-26</td><td>tttttt</td><td>9933546987</td><td>Dairy Farm</td><td>Terlabad</td><td>South Andaman</td><td>Andaman</td><td>744106</td><td>India</td><td>error</td></tr><tr><th colspan="12">Exception</th></tr><tr><td colspan="12"><div class="stacktrace">org.openqa.selenium.NoSuchElementException: Unable to locate element: #firstName
For documentation on this error, please visit: https://www.selenium.dev/documentation/webdriver/troubleshooting/errors#no-such-element-exception
Build info: version: &apos;4.28.0&apos;, revision: &apos;ac342546e9&apos;
System info: os.name: &apos;Windows 11&apos;, os.arch: &apos;amd64&apos;, os.version: &apos;10.0&apos;, java.version: &apos;21.0.5&apos;
Driver info: org.openqa.selenium.firefox.FirefoxDriver
Command: [158c0cbe-2f10-4c03-a227-1bd57a482cab, findElement {value=firstName, using=id}]
Capabilities {acceptInsecureCerts: true, browserName: firefox, browserVersion: 137.0.1, moz:accessibilityChecks: false, moz:buildID: 20250407111027, moz:debuggerAddress: 127.0.0.1:35229, moz:geckodriverVersion: 0.36.0, moz:headless: false, moz:platformVersion: 10.0, moz:processID: 4720, moz:profile: C:\Users\mraj2\AppData\Loca..., moz:shutdownTimeout: 60000, moz:webdriverClick: true, moz:windowless: false, pageLoadStrategy: normal, platformName: windows, proxy: Proxy(), se:cdp: ws://127.0.0.1:35229/devtoo..., se:cdpVersion: 85.0, setWindowRect: true, strictFileInteractability: false, timeouts: {implicit: 0, pageLoad: 300000, script: 30000}, unhandledPromptBehavior: dismiss and notify, userAgent: Mozilla/5.0 (Windows NT 10....}
Session ID: 158c0cbe-2f10-4c03-a227-1bd57a482cab
	at org.openqa.selenium.remote.ErrorCodec.decode(ErrorCodec.java:167)
	at org.openqa.selenium.remote.codec.w3c.W3CHttpResponseCodec.decode(W3CHttpResponseCodec.java:138)
	at org.openqa.selenium.remote.codec.w3c.W3CHttpResponseCodec.decode(W3CHttpResponseCodec.java:50)
	at org.openqa.selenium.remote.HttpCommandExecutor.execute(HttpCommandExecutor.java:215)
	at org.openqa.selenium.remote.service.DriverCommandExecutor.invokeExecute(DriverCommandExecutor.java:216)
	at org.openqa.selenium.remote.service.DriverCommandExecutor.execute(DriverCommandExecutor.java:174)
	at org.openqa.selenium.remote.RemoteWebDriver.execute(RemoteWebDriver.java:545)
	at org.openqa.selenium.remote.ElementLocation$ElementFinder$2.findElement(ElementLocation.java:165)
	at org.openqa.selenium.remote.ElementLocation.findElement(ElementLocation.java:59)
	at org.openqa.selenium.remote.RemoteWebDriver.findElement(RemoteWebDriver.java:368)
	at org.openqa.selenium.remote.RemoteWebDriver.findElement(RemoteWebDriver.java:362)
	at org.openqa.selenium.support.pagefactory.DefaultElementLocator.findElement(DefaultElementLocator.java:68)
	at org.openqa.selenium.support.pagefactory.internal.LocatingElementHandler.invoke(LocatingElementHandler.java:38)
	at jdk.proxy2/jdk.proxy2.$Proxy15.sendKeys(Unknown Source)
	at pages.AddContactPage.enterFirstName(AddContactPage.java:70)
	at pages.AddContactPage.addContact(AddContactPage.java:135)
	at tests.TC_006_AddContact.testAddContact(TC_006_AddContact.java:180)
	at java.base/java.util.ArrayList.forEach(ArrayList.java:1596)
	at java.base/java.util.concurrent.FutureTask.run(FutureTask.java:317)
	at java.base/java.util.concurrent.ThreadPoolExecutor.runWorker(ThreadPoolExecutor.java:1144)
	at java.base/java.util.concurrent.ThreadPoolExecutor$Worker.run(ThreadPoolExecutor.java:642)
	at java.base/java.lang.Thread.run(Thread.java:1583)
... Removed 18 stack frames</div></td></tr></table><p class="totop"><a href="#summary">back to summary</a></p>
<h3 id="m71">tests.TC_006_AddContact#testAddContact</h3><table class="result"><tr class="param"><th>Parameter #1</th><th>Parameter #2</th><th>Parameter #3</th><th>Parameter #4</th><th>Parameter #5</th><th>Parameter #6</th><th>Parameter #7</th><th>Parameter #8</th><th>Parameter #9</th><th>Parameter #10</th><th>Parameter #11</th><th>Parameter #12</th></tr><tr class="param stripe"><td></td><td></td><td>1998-02-26</td><td>rehman.arshad@gmail.com</td><td>9933546987</td><td>Dairy Farm</td><td>Terlabad</td><td>South Andaman</td><td>Andaman</td><td>744106</td><td>India</td><td>error</td></tr><tr><th colspan="12">Exception</th></tr><tr><td colspan="12"><div class="stacktrace">org.openqa.selenium.NoSuchElementException: Unable to locate element: #firstName
For documentation on this error, please visit: https://www.selenium.dev/documentation/webdriver/troubleshooting/errors#no-such-element-exception
Build info: version: &apos;4.28.0&apos;, revision: &apos;ac342546e9&apos;
System info: os.name: &apos;Windows 11&apos;, os.arch: &apos;amd64&apos;, os.version: &apos;10.0&apos;, java.version: &apos;21.0.5&apos;
Driver info: org.openqa.selenium.firefox.FirefoxDriver
Command: [0f33059d-d12b-4d7a-9cb1-d5f4997bce47, findElement {value=firstName, using=id}]
Capabilities {acceptInsecureCerts: true, browserName: firefox, browserVersion: 137.0.1, moz:accessibilityChecks: false, moz:buildID: 20250407111027, moz:debuggerAddress: 127.0.0.1:43981, moz:geckodriverVersion: 0.36.0, moz:headless: false, moz:platformVersion: 10.0, moz:processID: 29492, moz:profile: C:\Users\mraj2\AppData\Loca..., moz:shutdownTimeout: 60000, moz:webdriverClick: true, moz:windowless: false, pageLoadStrategy: normal, platformName: windows, proxy: Proxy(), se:cdp: ws://127.0.0.1:43981/devtoo..., se:cdpVersion: 85.0, setWindowRect: true, strictFileInteractability: false, timeouts: {implicit: 0, pageLoad: 300000, script: 30000}, unhandledPromptBehavior: dismiss and notify, userAgent: Mozilla/5.0 (Windows NT 10....}
Session ID: 0f33059d-d12b-4d7a-9cb1-d5f4997bce47
	at org.openqa.selenium.remote.ErrorCodec.decode(ErrorCodec.java:167)
	at org.openqa.selenium.remote.codec.w3c.W3CHttpResponseCodec.decode(W3CHttpResponseCodec.java:138)
	at org.openqa.selenium.remote.codec.w3c.W3CHttpResponseCodec.decode(W3CHttpResponseCodec.java:50)
	at org.openqa.selenium.remote.HttpCommandExecutor.execute(HttpCommandExecutor.java:215)
	at org.openqa.selenium.remote.service.DriverCommandExecutor.invokeExecute(DriverCommandExecutor.java:216)
	at org.openqa.selenium.remote.service.DriverCommandExecutor.execute(DriverCommandExecutor.java:174)
	at org.openqa.selenium.remote.RemoteWebDriver.execute(RemoteWebDriver.java:545)
	at org.openqa.selenium.remote.ElementLocation$ElementFinder$2.findElement(ElementLocation.java:165)
	at org.openqa.selenium.remote.ElementLocation.findElement(ElementLocation.java:59)
	at org.openqa.selenium.remote.RemoteWebDriver.findElement(RemoteWebDriver.java:368)
	at org.openqa.selenium.remote.RemoteWebDriver.findElement(RemoteWebDriver.java:362)
	at org.openqa.selenium.support.pagefactory.DefaultElementLocator.findElement(DefaultElementLocator.java:68)
	at org.openqa.selenium.support.pagefactory.internal.LocatingElementHandler.invoke(LocatingElementHandler.java:38)
	at jdk.proxy2/jdk.proxy2.$Proxy15.sendKeys(Unknown Source)
	at pages.AddContactPage.enterFirstName(AddContactPage.java:70)
	at pages.AddContactPage.addContact(AddContactPage.java:135)
	at tests.TC_006_AddContact.testAddContact(TC_006_AddContact.java:180)
	at java.base/java.util.ArrayList.forEach(ArrayList.java:1596)
	at java.base/java.util.concurrent.FutureTask.run(FutureTask.java:317)
	at java.base/java.util.concurrent.ThreadPoolExecutor.runWorker(ThreadPoolExecutor.java:1144)
	at java.base/java.util.concurrent.ThreadPoolExecutor$Worker.run(ThreadPoolExecutor.java:642)
	at java.base/java.lang.Thread.run(Thread.java:1583)
... Removed 18 stack frames</div></td></tr></table><p class="totop"><a href="#summary">back to summary</a></p>
<h3 id="m72">tests.TC_006_AddContact#testAddContact</h3><table class="result"><tr class="param"><th>Parameter #1</th><th>Parameter #2</th><th>Parameter #3</th><th>Parameter #4</th><th>Parameter #5</th><th>Parameter #6</th><th>Parameter #7</th><th>Parameter #8</th><th>Parameter #9</th><th>Parameter #10</th><th>Parameter #11</th><th>Parameter #12</th></tr><tr class="param stripe"><td>Dinesh</td><td>Kumar</td><td></td><td></td><td></td><td></td><td></td><td></td><td></td><td></td><td></td><td>success</td></tr><tr><th colspan="12">Exception</th></tr><tr><td colspan="12"><div class="stacktrace">org.openqa.selenium.NoSuchElementException: Unable to locate element: #firstName
For documentation on this error, please visit: https://www.selenium.dev/documentation/webdriver/troubleshooting/errors#no-such-element-exception
Build info: version: &apos;4.28.0&apos;, revision: &apos;ac342546e9&apos;
System info: os.name: &apos;Windows 11&apos;, os.arch: &apos;amd64&apos;, os.version: &apos;10.0&apos;, java.version: &apos;21.0.5&apos;
Driver info: org.openqa.selenium.firefox.FirefoxDriver
Command: [fa3e1653-cdcb-44f3-a578-41117d13c322, findElement {value=firstName, using=id}]
Capabilities {acceptInsecureCerts: true, browserName: firefox, browserVersion: 137.0.1, moz:accessibilityChecks: false, moz:buildID: 20250407111027, moz:debuggerAddress: 127.0.0.1:29396, moz:geckodriverVersion: 0.36.0, moz:headless: false, moz:platformVersion: 10.0, moz:processID: 11284, moz:profile: C:\Users\mraj2\AppData\Loca..., moz:shutdownTimeout: 60000, moz:webdriverClick: true, moz:windowless: false, pageLoadStrategy: normal, platformName: windows, proxy: Proxy(), se:cdp: ws://127.0.0.1:29396/devtoo..., se:cdpVersion: 85.0, setWindowRect: true, strictFileInteractability: false, timeouts: {implicit: 0, pageLoad: 300000, script: 30000}, unhandledPromptBehavior: dismiss and notify, userAgent: Mozilla/5.0 (Windows NT 10....}
Session ID: fa3e1653-cdcb-44f3-a578-41117d13c322
	at org.openqa.selenium.remote.ErrorCodec.decode(ErrorCodec.java:167)
	at org.openqa.selenium.remote.codec.w3c.W3CHttpResponseCodec.decode(W3CHttpResponseCodec.java:138)
	at org.openqa.selenium.remote.codec.w3c.W3CHttpResponseCodec.decode(W3CHttpResponseCodec.java:50)
	at org.openqa.selenium.remote.HttpCommandExecutor.execute(HttpCommandExecutor.java:215)
	at org.openqa.selenium.remote.service.DriverCommandExecutor.invokeExecute(DriverCommandExecutor.java:216)
	at org.openqa.selenium.remote.service.DriverCommandExecutor.execute(DriverCommandExecutor.java:174)
	at org.openqa.selenium.remote.RemoteWebDriver.execute(RemoteWebDriver.java:545)
	at org.openqa.selenium.remote.ElementLocation$ElementFinder$2.findElement(ElementLocation.java:165)
	at org.openqa.selenium.remote.ElementLocation.findElement(ElementLocation.java:59)
	at org.openqa.selenium.remote.RemoteWebDriver.findElement(RemoteWebDriver.java:368)
	at org.openqa.selenium.remote.RemoteWebDriver.findElement(RemoteWebDriver.java:362)
	at org.openqa.selenium.support.pagefactory.DefaultElementLocator.findElement(DefaultElementLocator.java:68)
	at org.openqa.selenium.support.pagefactory.internal.LocatingElementHandler.invoke(LocatingElementHandler.java:38)
	at jdk.proxy2/jdk.proxy2.$Proxy15.sendKeys(Unknown Source)
	at pages.AddContactPage.enterFirstName(AddContactPage.java:70)
	at pages.AddContactPage.addContact(AddContactPage.java:135)
	at tests.TC_006_AddContact.testAddContact(TC_006_AddContact.java:180)
	at java.base/java.util.ArrayList.forEach(ArrayList.java:1596)
	at java.base/java.util.concurrent.FutureTask.run(FutureTask.java:317)
	at java.base/java.util.concurrent.ThreadPoolExecutor.runWorker(ThreadPoolExecutor.java:1144)
	at java.base/java.util.concurrent.ThreadPoolExecutor$Worker.run(ThreadPoolExecutor.java:642)
	at java.base/java.lang.Thread.run(Thread.java:1583)
... Removed 18 stack frames</div></td></tr></table><p class="totop"><a href="#summary">back to summary</a></p>
<h3 id="m73">tests.TC_006_AddContact#testAddContact</h3><table class="result"><tr class="param"><th>Parameter #1</th><th>Parameter #2</th><th>Parameter #3</th><th>Parameter #4</th><th>Parameter #5</th><th>Parameter #6</th><th>Parameter #7</th><th>Parameter #8</th><th>Parameter #9</th><th>Parameter #10</th><th>Parameter #11</th><th>Parameter #12</th></tr><tr class="param stripe"><td>Arshad</td><td></td><td>1998-02-26</td><td>rehman.arshad@gmail.com</td><td>9933546987</td><td>Dairy Farm</td><td>Terlabad</td><td>South Andaman</td><td>Andaman</td><td>744106</td><td>India</td><td>error</td></tr><tr><th colspan="12">Exception</th></tr><tr><td colspan="12"><div class="stacktrace">org.openqa.selenium.NoSuchElementException: Unable to locate element: #firstName
For documentation on this error, please visit: https://www.selenium.dev/documentation/webdriver/troubleshooting/errors#no-such-element-exception
Build info: version: &apos;4.28.0&apos;, revision: &apos;ac342546e9&apos;
System info: os.name: &apos;Windows 11&apos;, os.arch: &apos;amd64&apos;, os.version: &apos;10.0&apos;, java.version: &apos;21.0.5&apos;
Driver info: org.openqa.selenium.firefox.FirefoxDriver
Command: [a264fd2d-0e99-446a-9059-89b27d8b8fb1, findElement {value=firstName, using=id}]
Capabilities {acceptInsecureCerts: true, browserName: firefox, browserVersion: 137.0.1, moz:accessibilityChecks: false, moz:buildID: 20250407111027, moz:debuggerAddress: 127.0.0.1:12576, moz:geckodriverVersion: 0.36.0, moz:headless: false, moz:platformVersion: 10.0, moz:processID: 22200, moz:profile: C:\Users\mraj2\AppData\Loca..., moz:shutdownTimeout: 60000, moz:webdriverClick: true, moz:windowless: false, pageLoadStrategy: normal, platformName: windows, proxy: Proxy(), se:cdp: ws://127.0.0.1:12576/devtoo..., se:cdpVersion: 85.0, setWindowRect: true, strictFileInteractability: false, timeouts: {implicit: 0, pageLoad: 300000, script: 30000}, unhandledPromptBehavior: dismiss and notify, userAgent: Mozilla/5.0 (Windows NT 10....}
Session ID: a264fd2d-0e99-446a-9059-89b27d8b8fb1
	at org.openqa.selenium.remote.ErrorCodec.decode(ErrorCodec.java:167)
	at org.openqa.selenium.remote.codec.w3c.W3CHttpResponseCodec.decode(W3CHttpResponseCodec.java:138)
	at org.openqa.selenium.remote.codec.w3c.W3CHttpResponseCodec.decode(W3CHttpResponseCodec.java:50)
	at org.openqa.selenium.remote.HttpCommandExecutor.execute(HttpCommandExecutor.java:215)
	at org.openqa.selenium.remote.service.DriverCommandExecutor.invokeExecute(DriverCommandExecutor.java:216)
	at org.openqa.selenium.remote.service.DriverCommandExecutor.execute(DriverCommandExecutor.java:174)
	at org.openqa.selenium.remote.RemoteWebDriver.execute(RemoteWebDriver.java:545)
	at org.openqa.selenium.remote.ElementLocation$ElementFinder$2.findElement(ElementLocation.java:165)
	at org.openqa.selenium.remote.ElementLocation.findElement(ElementLocation.java:59)
	at org.openqa.selenium.remote.RemoteWebDriver.findElement(RemoteWebDriver.java:368)
	at org.openqa.selenium.remote.RemoteWebDriver.findElement(RemoteWebDriver.java:362)
	at org.openqa.selenium.support.pagefactory.DefaultElementLocator.findElement(DefaultElementLocator.java:68)
	at org.openqa.selenium.support.pagefactory.internal.LocatingElementHandler.invoke(LocatingElementHandler.java:38)
	at jdk.proxy2/jdk.proxy2.$Proxy15.sendKeys(Unknown Source)
	at pages.AddContactPage.enterFirstName(AddContactPage.java:70)
	at pages.AddContactPage.addContact(AddContactPage.java:135)
	at tests.TC_006_AddContact.testAddContact(TC_006_AddContact.java:180)
	at java.base/java.util.ArrayList.forEach(ArrayList.java:1596)
	at java.base/java.util.concurrent.FutureTask.run(FutureTask.java:317)
	at java.base/java.util.concurrent.ThreadPoolExecutor.runWorker(ThreadPoolExecutor.java:1144)
	at java.base/java.util.concurrent.ThreadPoolExecutor$Worker.run(ThreadPoolExecutor.java:642)
	at java.base/java.lang.Thread.run(Thread.java:1583)
... Removed 18 stack frames</div></td></tr></table><p class="totop"><a href="#summary">back to summary</a></p>
<h3 id="m74">tests.TC_007_CancelButtonFunctionality#testAddContactCancelButton</h3><table class="result"><tr><th>Exception</th></tr><tr><td><div class="stacktrace">org.openqa.selenium.NoSuchElementException: Unable to locate element: #firstName
For documentation on this error, please visit: https://www.selenium.dev/documentation/webdriver/troubleshooting/errors#no-such-element-exception
Build info: version: &apos;4.28.0&apos;, revision: &apos;ac342546e9&apos;
System info: os.name: &apos;Windows 11&apos;, os.arch: &apos;amd64&apos;, os.version: &apos;10.0&apos;, java.version: &apos;21.0.5&apos;
Driver info: org.openqa.selenium.firefox.FirefoxDriver
Command: [8310f884-fde5-47be-baf4-f9bdcc7584cb, findElement {value=firstName, using=id}]
Capabilities {acceptInsecureCerts: true, browserName: firefox, browserVersion: 137.0.1, moz:accessibilityChecks: false, moz:buildID: 20250407111027, moz:debuggerAddress: 127.0.0.1:26584, moz:geckodriverVersion: 0.36.0, moz:headless: false, moz:platformVersion: 10.0, moz:processID: 25148, moz:profile: C:\Users\mraj2\AppData\Loca..., moz:shutdownTimeout: 60000, moz:webdriverClick: true, moz:windowless: false, pageLoadStrategy: normal, platformName: windows, proxy: Proxy(), se:cdp: ws://127.0.0.1:26584/devtoo..., se:cdpVersion: 85.0, setWindowRect: true, strictFileInteractability: false, timeouts: {implicit: 0, pageLoad: 300000, script: 30000}, unhandledPromptBehavior: dismiss and notify, userAgent: Mozilla/5.0 (Windows NT 10....}
Session ID: 8310f884-fde5-47be-baf4-f9bdcc7584cb
	at org.openqa.selenium.remote.ErrorCodec.decode(ErrorCodec.java:167)
	at org.openqa.selenium.remote.codec.w3c.W3CHttpResponseCodec.decode(W3CHttpResponseCodec.java:138)
	at org.openqa.selenium.remote.codec.w3c.W3CHttpResponseCodec.decode(W3CHttpResponseCodec.java:50)
	at org.openqa.selenium.remote.HttpCommandExecutor.execute(HttpCommandExecutor.java:215)
	at org.openqa.selenium.remote.service.DriverCommandExecutor.invokeExecute(DriverCommandExecutor.java:216)
	at org.openqa.selenium.remote.service.DriverCommandExecutor.execute(DriverCommandExecutor.java:174)
	at org.openqa.selenium.remote.RemoteWebDriver.execute(RemoteWebDriver.java:545)
	at org.openqa.selenium.remote.ElementLocation$ElementFinder$2.findElement(ElementLocation.java:165)
	at org.openqa.selenium.remote.ElementLocation.findElement(ElementLocation.java:59)
	at org.openqa.selenium.remote.RemoteWebDriver.findElement(RemoteWebDriver.java:368)
	at org.openqa.selenium.remote.RemoteWebDriver.findElement(RemoteWebDriver.java:362)
	at org.openqa.selenium.support.pagefactory.DefaultElementLocator.findElement(DefaultElementLocator.java:68)
	at org.openqa.selenium.support.pagefactory.internal.LocatingElementHandler.invoke(LocatingElementHandler.java:38)
	at jdk.proxy2/jdk.proxy2.$Proxy15.sendKeys(Unknown Source)
	at pages.AddContactPage.enterFirstName(AddContactPage.java:70)
	at tests.TC_007_CancelButtonFunctionality.testAddContactCancelButton(TC_007_CancelButtonFunctionality.java:35)
	at java.base/java.util.ArrayList.forEach(ArrayList.java:1596)
	at java.base/java.util.concurrent.FutureTask.run(FutureTask.java:317)
	at java.base/java.util.concurrent.ThreadPoolExecutor.runWorker(ThreadPoolExecutor.java:1144)
	at java.base/java.util.concurrent.ThreadPoolExecutor$Worker.run(ThreadPoolExecutor.java:642)
	at java.base/java.lang.Thread.run(Thread.java:1583)
... Removed 18 stack frames</div></td></tr></table><p class="totop"><a href="#summary">back to summary</a></p>
<h3 id="m75">tests.TC_011_EditContact#testContactEdit</h3><table class="result"><tr><th>Exception</th></tr><tr><td><div class="stacktrace">org.openqa.selenium.NoSuchElementException: Unable to locate element: #firstName
For documentation on this error, please visit: https://www.selenium.dev/documentation/webdriver/troubleshooting/errors#no-such-element-exception
Build info: version: &apos;4.28.0&apos;, revision: &apos;ac342546e9&apos;
System info: os.name: &apos;Windows 11&apos;, os.arch: &apos;amd64&apos;, os.version: &apos;10.0&apos;, java.version: &apos;21.0.5&apos;
Driver info: org.openqa.selenium.firefox.FirefoxDriver
Command: [1278a77a-49c9-407c-8b50-40331d6f67ba, findElement {value=firstName, using=id}]
Capabilities {acceptInsecureCerts: true, browserName: firefox, browserVersion: 137.0.1, moz:accessibilityChecks: false, moz:buildID: 20250407111027, moz:debuggerAddress: 127.0.0.1:15057, moz:geckodriverVersion: 0.36.0, moz:headless: false, moz:platformVersion: 10.0, moz:processID: 33644, moz:profile: C:\Users\mraj2\AppData\Loca..., moz:shutdownTimeout: 60000, moz:webdriverClick: true, moz:windowless: false, pageLoadStrategy: normal, platformName: windows, proxy: Proxy(), se:cdp: ws://127.0.0.1:15057/devtoo..., se:cdpVersion: 85.0, setWindowRect: true, strictFileInteractability: false, timeouts: {implicit: 0, pageLoad: 300000, script: 30000}, unhandledPromptBehavior: dismiss and notify, userAgent: Mozilla/5.0 (Windows NT 10....}
Session ID: 1278a77a-49c9-407c-8b50-40331d6f67ba
	at org.openqa.selenium.remote.ErrorCodec.decode(ErrorCodec.java:167)
	at org.openqa.selenium.remote.codec.w3c.W3CHttpResponseCodec.decode(W3CHttpResponseCodec.java:138)
	at org.openqa.selenium.remote.codec.w3c.W3CHttpResponseCodec.decode(W3CHttpResponseCodec.java:50)
	at org.openqa.selenium.remote.HttpCommandExecutor.execute(HttpCommandExecutor.java:215)
	at org.openqa.selenium.remote.service.DriverCommandExecutor.invokeExecute(DriverCommandExecutor.java:216)
	at org.openqa.selenium.remote.service.DriverCommandExecutor.execute(DriverCommandExecutor.java:174)
	at org.openqa.selenium.remote.RemoteWebDriver.execute(RemoteWebDriver.java:545)
	at org.openqa.selenium.remote.ElementLocation$ElementFinder$2.findElement(ElementLocation.java:165)
	at org.openqa.selenium.remote.ElementLocation.findElement(ElementLocation.java:59)
	at org.openqa.selenium.remote.RemoteWebDriver.findElement(RemoteWebDriver.java:368)
	at org.openqa.selenium.remote.RemoteWebDriver.findElement(RemoteWebDriver.java:362)
	at org.openqa.selenium.support.pagefactory.DefaultElementLocator.findElement(DefaultElementLocator.java:68)
	at org.openqa.selenium.support.pagefactory.internal.LocatingElementHandler.invoke(LocatingElementHandler.java:38)
	at jdk.proxy2/jdk.proxy2.$Proxy15.sendKeys(Unknown Source)
	at pages.AddContactPage.enterFirstName(AddContactPage.java:70)
	at tests.TC_011_EditContact.testContactEdit(TC_011_EditContact.java:38)
	at java.base/java.util.ArrayList.forEach(ArrayList.java:1596)
	at java.base/java.util.concurrent.FutureTask.run(FutureTask.java:317)
	at java.base/java.util.concurrent.ThreadPoolExecutor.runWorker(ThreadPoolExecutor.java:1144)
	at java.base/java.util.concurrent.ThreadPoolExecutor$Worker.run(ThreadPoolExecutor.java:642)
	at java.base/java.lang.Thread.run(Thread.java:1583)
... Removed 18 stack frames</div></td></tr></table><p class="totop"><a href="#summary">back to summary</a></p>
<h3 id="m76">tests.TC_013_DeleteContactImpacts#testDeleteContact</h3><table class="result"><tr><th>Exception</th></tr><tr><td><div class="stacktrace">java.lang.AssertionError: Not enough contacts to validate deletion expected [true] but found [false]
	at tests.TC_013_DeleteContactImpacts.testDeleteContact(TC_013_DeleteContactImpacts.java:42)
	at java.base/java.util.ArrayList.forEach(ArrayList.java:1596)
	at java.base/java.util.concurrent.FutureTask.run(FutureTask.java:317)
	at java.base/java.util.concurrent.ThreadPoolExecutor.runWorker(ThreadPoolExecutor.java:1144)
	at java.base/java.util.concurrent.ThreadPoolExecutor$Worker.run(ThreadPoolExecutor.java:642)
	at java.base/java.lang.Thread.run(Thread.java:1583)
... Removed 18 stack frames</div></td></tr></table><p class="totop"><a href="#summary">back to summary</a></p>
<h3 id="m77">tests.TC_015_LogoutFunctionality#testLogoutButtonIsVisible</h3><table class="result"><tr><th>Exception</th></tr><tr><td><div class="stacktrace">java.lang.AssertionError: Not redirected to Login page after logout. expected [https://thinking-tester-contact-list.herokuapp.com/] but found [https://thinking-tester-contact-list.herokuapp.com/contactList]
	at tests.TC_015_LogoutFunctionality.testLogoutButtonIsVisible(TC_015_LogoutFunctionality.java:35)
	at java.base/java.util.ArrayList.forEach(ArrayList.java:1596)
	at java.base/java.util.concurrent.FutureTask.run(FutureTask.java:317)
	at java.base/java.util.concurrent.ThreadPoolExecutor.runWorker(ThreadPoolExecutor.java:1144)
	at java.base/java.util.concurrent.ThreadPoolExecutor$Worker.run(ThreadPoolExecutor.java:642)
	at java.base/java.lang.Thread.run(Thread.java:1583)
... Removed 20 stack frames</div></td></tr></table><p class="totop"><a href="#summary">back to summary</a></p>
<h3 id="m78">tests.TC_001_SignUpButtonVisibility#testSignupButtonIsClickable</h3><table class="result"><tr><th class="invisible"/></tr></table><p class="totop"><a href="#summary">back to summary</a></p>
<h3 id="m79">tests.TC_001_SignUpButtonVisibility#testSignupButtonIsVisible</h3><table class="result"><tr><th class="invisible"/></tr></table><p class="totop"><a href="#summary">back to summary</a></p>
<h3 id="m80">tests.TC_002_SignUpFunctionality#testSignUp</h3><table class="result"><tr class="param"><th>Parameter #1</th><th>Parameter #2</th><th>Parameter #3</th><th>Parameter #4</th><th>Parameter #5</th></tr><tr class="param stripe"><td>Muthu</td><td></td><td>mraj12350@gmail.com</td><td>12345678</td><td>error</td></tr></table><p class="totop"><a href="#summary">back to summary</a></p>
<h3 id="m81">tests.TC_002_SignUpFunctionality#testSignUp</h3><table class="result"><tr class="param"><th>Parameter #1</th><th>Parameter #2</th><th>Parameter #3</th><th>Parameter #4</th><th>Parameter #5</th></tr><tr class="param stripe"><td>Muthu</td><td>Raj</td><td>mraj12350@gmail.com</td><td>12345678</td><td>success</td></tr></table><p class="totop"><a href="#summary">back to summary</a></p>
<h3 id="m82">tests.TC_002_SignUpFunctionality#testSignUp</h3><table class="result"><tr class="param"><th>Parameter #1</th><th>Parameter #2</th><th>Parameter #3</th><th>Parameter #4</th><th>Parameter #5</th></tr><tr class="param stripe"><td>Muthu</td><td>Raj</td><td></td><td>12345678</td><td>error</td></tr></table><p class="totop"><a href="#summary">back to summary</a></p>
<h3 id="m83">tests.TC_002_SignUpFunctionality#testSignUp</h3><table class="result"><tr class="param"><th>Parameter #1</th><th>Parameter #2</th><th>Parameter #3</th><th>Parameter #4</th><th>Parameter #5</th></tr><tr class="param stripe"><td></td><td>Raj</td><td>mraj12350@gmail.com</td><td>12345678</td><td>error</td></tr></table><p class="totop"><a href="#summary">back to summary</a></p>
<h3 id="m84">tests.TC_002_SignUpFunctionality#testSignUp</h3><table class="result"><tr class="param"><th>Parameter #1</th><th>Parameter #2</th><th>Parameter #3</th><th>Parameter #4</th><th>Parameter #5</th></tr><tr class="param stripe"><td>Muthu</td><td>Raj</td><td>mraj12350@gmail.com</td><td></td><td>error</td></tr></table><p class="totop"><a href="#summary">back to summary</a></p>
<h3 id="m85">tests.TC_003_LoginButtonVisibility#testLoginSubmitButtonIsClickable</h3><table class="result"><tr><th class="invisible"/></tr></table><p class="totop"><a href="#summary">back to summary</a></p>
<h3 id="m86">tests.TC_003_LoginButtonVisibility#testLoginSubmitButtonIsVisible</h3><table class="result"><tr><th class="invisible"/></tr></table><p class="totop"><a href="#summary">back to summary</a></p>
<h3 id="m87">tests.TC_004_LoginFunctionality#testLogin</h3><table class="result"><tr class="param"><th>Parameter #1</th><th>Parameter #2</th><th>Parameter #3</th></tr><tr class="param stripe"><td></td><td>12345678</td><td>error</td></tr></table><p class="totop"><a href="#summary">back to summary</a></p>
<h3 id="m88">tests.TC_004_LoginFunctionality#testLogin</h3><table class="result"><tr class="param"><th>Parameter #1</th><th>Parameter #2</th><th>Parameter #3</th></tr><tr class="param stripe"><td>mraj12350@gmail.com</td><td></td><td>error</td></tr></table><p class="totop"><a href="#summary">back to summary</a></p>
<h3 id="m89">tests.TC_004_LoginFunctionality#testLogin</h3><table class="result"><tr class="param"><th>Parameter #1</th><th>Parameter #2</th><th>Parameter #3</th></tr><tr class="param stripe"><td>rmaj12@gmail.com</td><td>12345678</td><td>error</td></tr></table><p class="totop"><a href="#summary">back to summary</a></p>
<h3 id="m90">tests.TC_004_LoginFunctionality#testLogin</h3><table class="result"><tr class="param"><th>Parameter #1</th><th>Parameter #2</th><th>Parameter #3</th></tr><tr class="param stripe"><td>mraj12350@gmail.com</td><td>PPPPPPPP</td><td>error</td></tr></table><p class="totop"><a href="#summary">back to summary</a></p>
<h3 id="m91">tests.TC_004_LoginFunctionality#testLogin</h3><table class="result"><tr class="param"><th>Parameter #1</th><th>Parameter #2</th><th>Parameter #3</th></tr><tr class="param stripe"><td>mraj12350@gmail.com</td><td>12345678</td><td>success</td></tr></table><p class="totop"><a href="#summary">back to summary</a></p>
<h3 id="m92">tests.TC_005_AddNewContactButton#testAddContactButtonIsClickable</h3><table class="result"><tr><th class="invisible"/></tr></table><p class="totop"><a href="#summary">back to summary</a></p>
<h3 id="m93">tests.TC_005_AddNewContactButton#testAddContactButtonIsVisible</h3><table class="result"><tr><th class="invisible"/></tr></table><p class="totop"><a href="#summary">back to summary</a></p>
<h3 id="m94">tests.TC_008_ContactListSortedTest#testAddContactCancelButton</h3><table class="result"><tr><th class="invisible"/></tr></table><p class="totop"><a href="#summary">back to summary</a></p>
<h3 id="m95">tests.TC_009_PhoneNumberExtention#testAddContactCancelButton</h3><table class="result"><tr><th class="invisible"/></tr></table><p class="totop"><a href="#summary">back to summary</a></p>
<h3 id="m96">tests.TC_010_ContactClicking#testAddContactCancelButton</h3><table class="result"><tr><th class="invisible"/></tr></table><p class="totop"><a href="#summary">back to summary</a></p>
<h3 id="m97">tests.TC_012_DeleteContactButton#testDeleteContact</h3><table class="result"><tr><th class="invisible"/></tr></table><p class="totop"><a href="#summary">back to summary</a></p>
<h3 id="m98">tests.TC_014_LogoutButtonVisibility#testLogoutButtonIsVisible</h3><table class="result"><tr><th class="invisible"/></tr></table><p class="totop"><a href="#summary">back to summary</a></p>
</body>
</html>
